2020-02-27 16:24:36.009  INFO 12412 --- [restartedMain] o.s.b.w.embedded.tomcat.TomcatWebServer  : Tomcat initialized with port(s): 8080 (http)
2020-02-27 16:24:36.067  INFO 12412 --- [restartedMain] o.apache.catalina.core.StandardService   : Starting service [Tomcat]
2020-02-27 16:24:36.067  INFO 12412 --- [restartedMain] org.apache.catalina.core.StandardEngine  : Starting Servlet engine: [Apache Tomcat/9.0.17]
2020-02-27 16:24:36.264  INFO 12412 --- [restartedMain] o.a.c.c.C.[Tomcat].[localhost].[/]       : Initializing Spring embedded WebApplicationContext
2020-02-27 16:24:36.266  INFO 12412 --- [restartedMain] o.s.web.context.ContextLoader            : Root WebApplicationContext: initialization completed in 2240 ms
2020-02-27 16:24:37.117  INFO 12412 --- [restartedMain] o.s.s.concurrent.ThreadPoolTaskExecutor  : Initializing ExecutorService 'applicationTaskExecutor'
2020-02-27 16:24:37.309  INFO 12412 --- [restartedMain] o.s.b.a.w.s.WelcomePageHandlerMapping    : Adding welcome page template: index
2020-02-27 16:24:37.830  INFO 12412 --- [restartedMain] o.s.b.d.a.OptionalLiveReloadServer       : LiveReload server is running on port 35729
2020-02-27 16:24:37.902  INFO 12412 --- [restartedMain] o.s.b.w.embedded.tomcat.TomcatWebServer  : Tomcat started on port(s): 8080 (http) with context path ''
2020-02-27 16:24:37.905  INFO 12412 --- [restartedMain] com.pzk.community.CommunityApplication   : Started CommunityApplication in 4.58 seconds (JVM running for 6.336)
2020-02-27 16:29:55.453  INFO 12412 --- [Thread-12] o.s.s.concurrent.ThreadPoolTaskExecutor  : Shutting down ExecutorService 'applicationTaskExecutor'
2020-02-27 16:29:56.342  INFO 12412 --- [restartedMain] com.pzk.community.CommunityApplication   : Starting CommunityApplication on pzk with PID 12412 (D:\IdeaProjects\community\target\classes started by asus in D:\IdeaProjects\community)
2020-02-27 16:29:56.342  INFO 12412 --- [restartedMain] com.pzk.community.CommunityApplication   : No active profile set, falling back to default profiles: default
2020-02-27 16:29:56.803  INFO 12412 --- [restartedMain] o.s.b.w.embedded.tomcat.TomcatWebServer  : Tomcat initialized with port(s): 8080 (http)
2020-02-27 16:29:56.804  INFO 12412 --- [restartedMain] o.apache.catalina.core.StandardService   : Starting service [Tomcat]
2020-02-27 16:29:56.804  INFO 12412 --- [restartedMain] org.apache.catalina.core.StandardEngine  : Starting Servlet engine: [Apache Tomcat/9.0.17]
2020-02-27 16:29:56.873  INFO 12412 --- [restartedMain] o.a.c.c.C.[Tomcat].[localhost].[/]       : Initializing Spring embedded WebApplicationContext
2020-02-27 16:29:56.873  INFO 12412 --- [restartedMain] o.s.web.context.ContextLoader            : Root WebApplicationContext: initialization completed in 528 ms
2020-02-27 16:29:58.006  INFO 12412 --- [restartedMain] o.s.s.concurrent.ThreadPoolTaskExecutor  : Initializing ExecutorService 'applicationTaskExecutor'
2020-02-27 16:29:58.071  INFO 12412 --- [restartedMain] o.s.b.a.w.s.WelcomePageHandlerMapping    : Adding welcome page template: index
2020-02-27 16:29:58.333  INFO 12412 --- [restartedMain] o.s.b.d.a.OptionalLiveReloadServer       : LiveReload server is running on port 35729
2020-02-27 16:29:58.356  INFO 12412 --- [restartedMain] o.s.b.w.embedded.tomcat.TomcatWebServer  : Tomcat started on port(s): 8080 (http) with context path ''
2020-02-27 16:29:58.357  INFO 12412 --- [restartedMain] com.pzk.community.CommunityApplication   : Started CommunityApplication in 2.052 seconds (JVM running for 326.788)
2020-02-27 16:29:58.361  INFO 12412 --- [restartedMain] .ConditionEvaluationDeltaLoggingListener : Condition evaluation unchanged
2020-02-27 16:42:08.625  INFO 12412 --- [Thread-20] o.s.s.concurrent.ThreadPoolTaskExecutor  : Shutting down ExecutorService 'applicationTaskExecutor'
2020-02-27 16:42:09.554  INFO 12412 --- [restartedMain] com.pzk.community.CommunityApplication   : Starting CommunityApplication on pzk with PID 12412 (D:\IdeaProjects\community\target\classes started by asus in D:\IdeaProjects\community)
2020-02-27 16:42:09.560  INFO 12412 --- [restartedMain] com.pzk.community.CommunityApplication   : No active profile set, falling back to default profiles: default
2020-02-27 16:42:10.745  INFO 12412 --- [restartedMain] o.s.b.w.embedded.tomcat.TomcatWebServer  : Tomcat initialized with port(s): 8080 (http)
2020-02-27 16:42:10.747  INFO 12412 --- [restartedMain] o.apache.catalina.core.StandardService   : Starting service [Tomcat]
2020-02-27 16:42:10.748  INFO 12412 --- [restartedMain] org.apache.catalina.core.StandardEngine  : Starting Servlet engine: [Apache Tomcat/9.0.17]
2020-02-27 16:42:10.807  INFO 12412 --- [restartedMain] o.a.c.c.C.[Tomcat].[localhost].[/]       : Initializing Spring embedded WebApplicationContext
2020-02-27 16:42:10.807  INFO 12412 --- [restartedMain] o.s.web.context.ContextLoader            : Root WebApplicationContext: initialization completed in 1244 ms
2020-02-27 16:42:11.075  INFO 12412 --- [restartedMain] o.s.s.concurrent.ThreadPoolTaskExecutor  : Initializing ExecutorService 'applicationTaskExecutor'
2020-02-27 16:42:11.145  INFO 12412 --- [restartedMain] o.s.b.a.w.s.WelcomePageHandlerMapping    : Adding welcome page template: index
2020-02-27 16:42:11.379  INFO 12412 --- [restartedMain] o.s.b.d.a.OptionalLiveReloadServer       : LiveReload server is running on port 35729
2020-02-27 16:42:11.398  INFO 12412 --- [restartedMain] o.s.b.w.embedded.tomcat.TomcatWebServer  : Tomcat started on port(s): 8080 (http) with context path ''
2020-02-27 16:42:11.398  INFO 12412 --- [restartedMain] com.pzk.community.CommunityApplication   : Started CommunityApplication in 1.895 seconds (JVM running for 1059.829)
2020-02-27 16:42:11.401  INFO 12412 --- [restartedMain] .ConditionEvaluationDeltaLoggingListener : Condition evaluation unchanged
