<<<<<<< HEAD
2020-03-06 01:26:14.511  INFO 30374 --- [http-nio-80-exec-2] o.apache.coyote.http11.Http11Processor   : Error parsing HTTP request header
 Note: further occurrences of HTTP request parsing errors will be logged at DEBUG level.

java.lang.IllegalArgumentException: Invalid character found in method name. HTTP method names must be tokens
	at org.apache.coyote.http11.Http11InputBuffer.parseRequestLine(Http11InputBuffer.java:414) ~[tomcat-embed-core-9.0.17.jar!/:9.0.17]
	at org.apache.coyote.http11.Http11Processor.service(Http11Processor.java:294) ~[tomcat-embed-core-9.0.17.jar!/:9.0.17]
	at org.apache.coyote.AbstractProcessorLight.process(AbstractProcessorLight.java:66) [tomcat-embed-core-9.0.17.jar!/:9.0.17]
	at org.apache.coyote.AbstractProtocol$ConnectionHandler.process(AbstractProtocol.java:834) [tomcat-embed-core-9.0.17.jar!/:9.0.17]
	at org.apache.tomcat.util.net.NioEndpoint$SocketProcessor.doRun(NioEndpoint.java:1415) [tomcat-embed-core-9.0.17.jar!/:9.0.17]
	at org.apache.tomcat.util.net.SocketProcessorBase.run(SocketProcessorBase.java:49) [tomcat-embed-core-9.0.17.jar!/:9.0.17]
	at java.util.concurrent.ThreadPoolExecutor.runWorker(ThreadPoolExecutor.java:1149) [na:1.8.0_242]
	at java.util.concurrent.ThreadPoolExecutor$Worker.run(ThreadPoolExecutor.java:624) [na:1.8.0_242]
	at org.apache.tomcat.util.threads.TaskThread$WrappingRunnable.run(TaskThread.java:61) [tomcat-embed-core-9.0.17.jar!/:9.0.17]
	at java.lang.Thread.run(Thread.java:748) [na:1.8.0_242]

2020-03-06 02:01:40.978  WARN 30374 --- [http-nio-80-exec-9] com.zaxxer.hikari.pool.PoolBase          : HikariPool-1 - Failed to validate connection com.mysql.cj.jdbc.ConnectionImpl@5415a5a1 (No operations allowed after connection closed.). Possibly consider using a shorter maxLifetime value.
2020-03-06 02:01:40.981  WARN 30374 --- [http-nio-80-exec-9] com.zaxxer.hikari.pool.PoolBase          : HikariPool-1 - Failed to validate connection com.mysql.cj.jdbc.ConnectionImpl@3d7c7f36 (No operations allowed after connection closed.). Possibly consider using a shorter maxLifetime value.
2020-03-06 02:01:40.983  WARN 30374 --- [http-nio-80-exec-9] com.zaxxer.hikari.pool.PoolBase          : HikariPool-1 - Failed to validate connection com.mysql.cj.jdbc.ConnectionImpl@31b3ec7 (No operations allowed after connection closed.). Possibly consider using a shorter maxLifetime value.
2020-03-06 02:01:40.985  WARN 30374 --- [http-nio-80-exec-9] com.zaxxer.hikari.pool.PoolBase          : HikariPool-1 - Failed to validate connection com.mysql.cj.jdbc.ConnectionImpl@7adaaba8 (No operations allowed after connection closed.). Possibly consider using a shorter maxLifetime value.
2020-03-06 02:01:40.986  WARN 30374 --- [http-nio-80-exec-9] com.zaxxer.hikari.pool.PoolBase          : HikariPool-1 - Failed to validate connection com.mysql.cj.jdbc.ConnectionImpl@48dbf45 (No operations allowed after connection closed.). Possibly consider using a shorter maxLifetime value.
2020-03-06 02:01:40.988  WARN 30374 --- [http-nio-80-exec-9] com.zaxxer.hikari.pool.PoolBase          : HikariPool-1 - Failed to validate connection com.mysql.cj.jdbc.ConnectionImpl@5a56e52d (No operations allowed after connection closed.). Possibly consider using a shorter maxLifetime value.
2020-03-06 02:01:40.989  WARN 30374 --- [http-nio-80-exec-9] com.zaxxer.hikari.pool.PoolBase          : HikariPool-1 - Failed to validate connection com.mysql.cj.jdbc.ConnectionImpl@6115a6 (No operations allowed after connection closed.). Possibly consider using a shorter maxLifetime value.
2020-03-06 02:01:40.991  WARN 30374 --- [http-nio-80-exec-9] com.zaxxer.hikari.pool.PoolBase          : HikariPool-1 - Failed to validate connection com.mysql.cj.jdbc.ConnectionImpl@2fc979e9 (No operations allowed after connection closed.). Possibly consider using a shorter maxLifetime value.
2020-03-06 02:01:40.993  WARN 30374 --- [http-nio-80-exec-9] com.zaxxer.hikari.pool.PoolBase          : HikariPool-1 - Failed to validate connection com.mysql.cj.jdbc.ConnectionImpl@46579cc2 (No operations allowed after connection closed.). Possibly consider using a shorter maxLifetime value.
2020-03-06 02:01:40.996  WARN 30374 --- [http-nio-80-exec-9] com.zaxxer.hikari.pool.PoolBase          : HikariPool-1 - Failed to validate connection com.mysql.cj.jdbc.ConnectionImpl@2b4576a8 (No operations allowed after connection closed.). Possibly consider using a shorter maxLifetime value.
2020-03-06 03:24:31.564  WARN 30374 --- [http-nio-80-exec-2] com.zaxxer.hikari.pool.PoolBase          : HikariPool-1 - Failed to validate connection com.mysql.cj.jdbc.ConnectionImpl@1add7659 (No operations allowed after connection closed.). Possibly consider using a shorter maxLifetime value.
2020-03-06 03:24:31.567  WARN 30374 --- [http-nio-80-exec-2] com.zaxxer.hikari.pool.PoolBase          : HikariPool-1 - Failed to validate connection com.mysql.cj.jdbc.ConnectionImpl@6c4165cb (No operations allowed after connection closed.). Possibly consider using a shorter maxLifetime value.
2020-03-06 03:24:31.568  WARN 30374 --- [http-nio-80-exec-2] com.zaxxer.hikari.pool.PoolBase          : HikariPool-1 - Failed to validate connection com.mysql.cj.jdbc.ConnectionImpl@529053a2 (No operations allowed after connection closed.). Possibly consider using a shorter maxLifetime value.
2020-03-06 03:24:31.570  WARN 30374 --- [http-nio-80-exec-2] com.zaxxer.hikari.pool.PoolBase          : HikariPool-1 - Failed to validate connection com.mysql.cj.jdbc.ConnectionImpl@238e9817 (No operations allowed after connection closed.). Possibly consider using a shorter maxLifetime value.
2020-03-06 03:24:31.571  WARN 30374 --- [http-nio-80-exec-2] com.zaxxer.hikari.pool.PoolBase          : HikariPool-1 - Failed to validate connection com.mysql.cj.jdbc.ConnectionImpl@7831ed65 (No operations allowed after connection closed.). Possibly consider using a shorter maxLifetime value.
2020-03-06 03:24:31.572  WARN 30374 --- [http-nio-80-exec-2] com.zaxxer.hikari.pool.PoolBase          : HikariPool-1 - Failed to validate connection com.mysql.cj.jdbc.ConnectionImpl@1fb9a095 (No operations allowed after connection closed.). Possibly consider using a shorter maxLifetime value.
2020-03-06 03:24:31.573  WARN 30374 --- [http-nio-80-exec-2] com.zaxxer.hikari.pool.PoolBase          : HikariPool-1 - Failed to validate connection com.mysql.cj.jdbc.ConnectionImpl@4fe4ed83 (No operations allowed after connection closed.). Possibly consider using a shorter maxLifetime value.
2020-03-06 03:24:31.574  WARN 30374 --- [http-nio-80-exec-2] com.zaxxer.hikari.pool.PoolBase          : HikariPool-1 - Failed to validate connection com.mysql.cj.jdbc.ConnectionImpl@187d8a48 (No operations allowed after connection closed.). Possibly consider using a shorter maxLifetime value.
2020-03-06 03:24:31.575  WARN 30374 --- [http-nio-80-exec-2] com.zaxxer.hikari.pool.PoolBase          : HikariPool-1 - Failed to validate connection com.mysql.cj.jdbc.ConnectionImpl@6f5006e7 (No operations allowed after connection closed.). Possibly consider using a shorter maxLifetime value.
2020-03-06 03:24:31.577  WARN 30374 --- [http-nio-80-exec-2] com.zaxxer.hikari.pool.PoolBase          : HikariPool-1 - Failed to validate connection com.mysql.cj.jdbc.ConnectionImpl@3d3fae90 (No operations allowed after connection closed.). Possibly consider using a shorter maxLifetime value.
2020-03-06 04:33:37.863  WARN 30374 --- [http-nio-80-exec-11] com.zaxxer.hikari.pool.PoolBase          : HikariPool-1 - Failed to validate connection com.mysql.cj.jdbc.ConnectionImpl@23a1aee0 (No operations allowed after connection closed.). Possibly consider using a shorter maxLifetime value.
2020-03-06 04:33:37.866  WARN 30374 --- [http-nio-80-exec-11] com.zaxxer.hikari.pool.PoolBase          : HikariPool-1 - Failed to validate connection com.mysql.cj.jdbc.ConnectionImpl@43286c2e (No operations allowed after connection closed.). Possibly consider using a shorter maxLifetime value.
2020-03-06 04:33:37.867  WARN 30374 --- [http-nio-80-exec-11] com.zaxxer.hikari.pool.PoolBase          : HikariPool-1 - Failed to validate connection com.mysql.cj.jdbc.ConnectionImpl@548d6123 (No operations allowed after connection closed.). Possibly consider using a shorter maxLifetime value.
2020-03-06 04:33:37.868  WARN 30374 --- [http-nio-80-exec-11] com.zaxxer.hikari.pool.PoolBase          : HikariPool-1 - Failed to validate connection com.mysql.cj.jdbc.ConnectionImpl@7a7513fc (No operations allowed after connection closed.). Possibly consider using a shorter maxLifetime value.
2020-03-06 04:33:37.869  WARN 30374 --- [http-nio-80-exec-11] com.zaxxer.hikari.pool.PoolBase          : HikariPool-1 - Failed to validate connection com.mysql.cj.jdbc.ConnectionImpl@d54a8c8 (No operations allowed after connection closed.). Possibly consider using a shorter maxLifetime value.
2020-03-06 04:33:37.871  WARN 30374 --- [http-nio-80-exec-11] com.zaxxer.hikari.pool.PoolBase          : HikariPool-1 - Failed to validate connection com.mysql.cj.jdbc.ConnectionImpl@d1dfc50 (No operations allowed after connection closed.). Possibly consider using a shorter maxLifetime value.
2020-03-06 04:33:37.873  WARN 30374 --- [http-nio-80-exec-11] com.zaxxer.hikari.pool.PoolBase          : HikariPool-1 - Failed to validate connection com.mysql.cj.jdbc.ConnectionImpl@32a600a9 (No operations allowed after connection closed.). Possibly consider using a shorter maxLifetime value.
2020-03-06 04:33:37.874  WARN 30374 --- [http-nio-80-exec-11] com.zaxxer.hikari.pool.PoolBase          : HikariPool-1 - Failed to validate connection com.mysql.cj.jdbc.ConnectionImpl@609e1ff2 (No operations allowed after connection closed.). Possibly consider using a shorter maxLifetime value.
2020-03-06 04:33:37.876  WARN 30374 --- [http-nio-80-exec-11] com.zaxxer.hikari.pool.PoolBase          : HikariPool-1 - Failed to validate connection com.mysql.cj.jdbc.ConnectionImpl@4824f9c1 (No operations allowed after connection closed.). Possibly consider using a shorter maxLifetime value.
2020-03-06 04:33:37.878  WARN 30374 --- [http-nio-80-exec-11] com.zaxxer.hikari.pool.PoolBase          : HikariPool-1 - Failed to validate connection com.mysql.cj.jdbc.ConnectionImpl@2a3973e9 (No operations allowed after connection closed.). Possibly consider using a shorter maxLifetime value.
2020-03-06 05:21:28.972  WARN 30374 --- [http-nio-80-exec-6] com.zaxxer.hikari.pool.PoolBase          : HikariPool-1 - Failed to validate connection com.mysql.cj.jdbc.ConnectionImpl@4e271e53 (No operations allowed after connection closed.). Possibly consider using a shorter maxLifetime value.
2020-03-06 05:21:28.974  WARN 30374 --- [http-nio-80-exec-6] com.zaxxer.hikari.pool.PoolBase          : HikariPool-1 - Failed to validate connection com.mysql.cj.jdbc.ConnectionImpl@4cf35de0 (No operations allowed after connection closed.). Possibly consider using a shorter maxLifetime value.
2020-03-06 05:21:28.978  WARN 30374 --- [http-nio-80-exec-6] com.zaxxer.hikari.pool.PoolBase          : HikariPool-1 - Failed to validate connection com.mysql.cj.jdbc.ConnectionImpl@2ab9c1e5 (No operations allowed after connection closed.). Possibly consider using a shorter maxLifetime value.
2020-03-06 05:21:28.979  WARN 30374 --- [http-nio-80-exec-6] com.zaxxer.hikari.pool.PoolBase          : HikariPool-1 - Failed to validate connection com.mysql.cj.jdbc.ConnectionImpl@5c1a8767 (No operations allowed after connection closed.). Possibly consider using a shorter maxLifetime value.
2020-03-06 05:21:28.980  WARN 30374 --- [http-nio-80-exec-6] com.zaxxer.hikari.pool.PoolBase          : HikariPool-1 - Failed to validate connection com.mysql.cj.jdbc.ConnectionImpl@26779f74 (No operations allowed after connection closed.). Possibly consider using a shorter maxLifetime value.
2020-03-06 05:21:28.986  WARN 30374 --- [http-nio-80-exec-6] com.zaxxer.hikari.pool.PoolBase          : HikariPool-1 - Failed to validate connection com.mysql.cj.jdbc.ConnectionImpl@703dca07 (No operations allowed after connection closed.). Possibly consider using a shorter maxLifetime value.
2020-03-06 05:21:28.988  WARN 30374 --- [http-nio-80-exec-6] com.zaxxer.hikari.pool.PoolBase          : HikariPool-1 - Failed to validate connection com.mysql.cj.jdbc.ConnectionImpl@14ef8b0c (No operations allowed after connection closed.). Possibly consider using a shorter maxLifetime value.
2020-03-06 05:21:28.989  WARN 30374 --- [http-nio-80-exec-6] com.zaxxer.hikari.pool.PoolBase          : HikariPool-1 - Failed to validate connection com.mysql.cj.jdbc.ConnectionImpl@1cc60749 (No operations allowed after connection closed.). Possibly consider using a shorter maxLifetime value.
2020-03-06 05:21:28.991  WARN 30374 --- [http-nio-80-exec-6] com.zaxxer.hikari.pool.PoolBase          : HikariPool-1 - Failed to validate connection com.mysql.cj.jdbc.ConnectionImpl@650a79a (No operations allowed after connection closed.). Possibly consider using a shorter maxLifetime value.
2020-03-06 05:21:28.992  WARN 30374 --- [http-nio-80-exec-6] com.zaxxer.hikari.pool.PoolBase          : HikariPool-1 - Failed to validate connection com.mysql.cj.jdbc.ConnectionImpl@182328a5 (No operations allowed after connection closed.). Possibly consider using a shorter maxLifetime value.
2020-03-06 05:40:23.490  WARN 30374 --- [http-nio-80-exec-9] com.zaxxer.hikari.pool.PoolBase          : HikariPool-1 - Failed to validate connection com.mysql.cj.jdbc.ConnectionImpl@4eadbb42 (No operations allowed after connection closed.). Possibly consider using a shorter maxLifetime value.
2020-03-06 05:40:23.492  WARN 30374 --- [http-nio-80-exec-9] com.zaxxer.hikari.pool.PoolBase          : HikariPool-1 - Failed to validate connection com.mysql.cj.jdbc.ConnectionImpl@26c91eea (No operations allowed after connection closed.). Possibly consider using a shorter maxLifetime value.
2020-03-06 05:40:23.495  WARN 30374 --- [http-nio-80-exec-9] com.zaxxer.hikari.pool.PoolBase          : HikariPool-1 - Failed to validate connection com.mysql.cj.jdbc.ConnectionImpl@1d09bab9 (No operations allowed after connection closed.). Possibly consider using a shorter maxLifetime value.
2020-03-06 05:40:23.496  WARN 30374 --- [http-nio-80-exec-9] com.zaxxer.hikari.pool.PoolBase          : HikariPool-1 - Failed to validate connection com.mysql.cj.jdbc.ConnectionImpl@3e5d75f1 (No operations allowed after connection closed.). Possibly consider using a shorter maxLifetime value.
2020-03-06 05:40:23.498  WARN 30374 --- [http-nio-80-exec-9] com.zaxxer.hikari.pool.PoolBase          : HikariPool-1 - Failed to validate connection com.mysql.cj.jdbc.ConnectionImpl@5ef41e5b (No operations allowed after connection closed.). Possibly consider using a shorter maxLifetime value.
2020-03-06 05:40:23.500  WARN 30374 --- [http-nio-80-exec-9] com.zaxxer.hikari.pool.PoolBase          : HikariPool-1 - Failed to validate connection com.mysql.cj.jdbc.ConnectionImpl@30a46521 (No operations allowed after connection closed.). Possibly consider using a shorter maxLifetime value.
2020-03-06 05:40:23.502  WARN 30374 --- [http-nio-80-exec-9] com.zaxxer.hikari.pool.PoolBase          : HikariPool-1 - Failed to validate connection com.mysql.cj.jdbc.ConnectionImpl@60a8cdfe (No operations allowed after connection closed.). Possibly consider using a shorter maxLifetime value.
2020-03-06 05:40:23.504  WARN 30374 --- [http-nio-80-exec-9] com.zaxxer.hikari.pool.PoolBase          : HikariPool-1 - Failed to validate connection com.mysql.cj.jdbc.ConnectionImpl@350fdee7 (No operations allowed after connection closed.). Possibly consider using a shorter maxLifetime value.
2020-03-06 05:40:23.506  WARN 30374 --- [http-nio-80-exec-9] com.zaxxer.hikari.pool.PoolBase          : HikariPool-1 - Failed to validate connection com.mysql.cj.jdbc.ConnectionImpl@4bf708db (No operations allowed after connection closed.). Possibly consider using a shorter maxLifetime value.
2020-03-06 05:40:23.508  WARN 30374 --- [http-nio-80-exec-9] com.zaxxer.hikari.pool.PoolBase          : HikariPool-1 - Failed to validate connection com.mysql.cj.jdbc.ConnectionImpl@5869e1e9 (No operations allowed after connection closed.). Possibly consider using a shorter maxLifetime value.
2020-03-06 07:26:50.062  WARN 30374 --- [http-nio-80-exec-10] com.zaxxer.hikari.pool.PoolBase          : HikariPool-1 - Failed to validate connection com.mysql.cj.jdbc.ConnectionImpl@30ba1f19 (No operations allowed after connection closed.). Possibly consider using a shorter maxLifetime value.
2020-03-06 07:26:50.065  WARN 30374 --- [http-nio-80-exec-10] com.zaxxer.hikari.pool.PoolBase          : HikariPool-1 - Failed to validate connection com.mysql.cj.jdbc.ConnectionImpl@7e7048b4 (No operations allowed after connection closed.). Possibly consider using a shorter maxLifetime value.
2020-03-06 07:26:50.068  WARN 30374 --- [http-nio-80-exec-10] com.zaxxer.hikari.pool.PoolBase          : HikariPool-1 - Failed to validate connection com.mysql.cj.jdbc.ConnectionImpl@2b90a8dd (No operations allowed after connection closed.). Possibly consider using a shorter maxLifetime value.
2020-03-06 07:26:50.073  WARN 30374 --- [http-nio-80-exec-10] com.zaxxer.hikari.pool.PoolBase          : HikariPool-1 - Failed to validate connection com.mysql.cj.jdbc.ConnectionImpl@4bb23861 (No operations allowed after connection closed.). Possibly consider using a shorter maxLifetime value.
2020-03-06 07:26:50.074  WARN 30374 --- [http-nio-80-exec-10] com.zaxxer.hikari.pool.PoolBase          : HikariPool-1 - Failed to validate connection com.mysql.cj.jdbc.ConnectionImpl@474a4289 (No operations allowed after connection closed.). Possibly consider using a shorter maxLifetime value.
2020-03-06 07:26:50.076  WARN 30374 --- [http-nio-80-exec-10] com.zaxxer.hikari.pool.PoolBase          : HikariPool-1 - Failed to validate connection com.mysql.cj.jdbc.ConnectionImpl@3b83973c (No operations allowed after connection closed.). Possibly consider using a shorter maxLifetime value.
2020-03-06 07:26:50.077  WARN 30374 --- [http-nio-80-exec-10] com.zaxxer.hikari.pool.PoolBase          : HikariPool-1 - Failed to validate connection com.mysql.cj.jdbc.ConnectionImpl@15fb16d1 (No operations allowed after connection closed.). Possibly consider using a shorter maxLifetime value.
2020-03-06 07:26:50.078  WARN 30374 --- [http-nio-80-exec-10] com.zaxxer.hikari.pool.PoolBase          : HikariPool-1 - Failed to validate connection com.mysql.cj.jdbc.ConnectionImpl@4f50553f (No operations allowed after connection closed.). Possibly consider using a shorter maxLifetime value.
2020-03-06 07:26:50.080  WARN 30374 --- [http-nio-80-exec-10] com.zaxxer.hikari.pool.PoolBase          : HikariPool-1 - Failed to validate connection com.mysql.cj.jdbc.ConnectionImpl@5a1b1856 (No operations allowed after connection closed.). Possibly consider using a shorter maxLifetime value.
2020-03-06 07:26:50.081  WARN 30374 --- [http-nio-80-exec-10] com.zaxxer.hikari.pool.PoolBase          : HikariPool-1 - Failed to validate connection com.mysql.cj.jdbc.ConnectionImpl@7d864e5e (No operations allowed after connection closed.). Possibly consider using a shorter maxLifetime value.
2020-03-06 09:01:30.602  WARN 30374 --- [http-nio-80-exec-3] com.zaxxer.hikari.pool.PoolBase          : HikariPool-1 - Failed to validate connection com.mysql.cj.jdbc.ConnectionImpl@19c6da80 (No operations allowed after connection closed.). Possibly consider using a shorter maxLifetime value.
2020-03-06 09:01:30.604  WARN 30374 --- [http-nio-80-exec-3] com.zaxxer.hikari.pool.PoolBase          : HikariPool-1 - Failed to validate connection com.mysql.cj.jdbc.ConnectionImpl@fbd5252 (No operations allowed after connection closed.). Possibly consider using a shorter maxLifetime value.
2020-03-06 09:01:30.606  WARN 30374 --- [http-nio-80-exec-3] com.zaxxer.hikari.pool.PoolBase          : HikariPool-1 - Failed to validate connection com.mysql.cj.jdbc.ConnectionImpl@f83803a (No operations allowed after connection closed.). Possibly consider using a shorter maxLifetime value.
2020-03-06 09:01:30.608  WARN 30374 --- [http-nio-80-exec-3] com.zaxxer.hikari.pool.PoolBase          : HikariPool-1 - Failed to validate connection com.mysql.cj.jdbc.ConnectionImpl@203e4990 (No operations allowed after connection closed.). Possibly consider using a shorter maxLifetime value.
2020-03-06 09:01:30.611  WARN 30374 --- [http-nio-80-exec-3] com.zaxxer.hikari.pool.PoolBase          : HikariPool-1 - Failed to validate connection com.mysql.cj.jdbc.ConnectionImpl@36b38c58 (No operations allowed after connection closed.). Possibly consider using a shorter maxLifetime value.
2020-03-06 09:01:30.613  WARN 30374 --- [http-nio-80-exec-3] com.zaxxer.hikari.pool.PoolBase          : HikariPool-1 - Failed to validate connection com.mysql.cj.jdbc.ConnectionImpl@5379771e (No operations allowed after connection closed.). Possibly consider using a shorter maxLifetime value.
2020-03-06 09:01:30.615  WARN 30374 --- [http-nio-80-exec-3] com.zaxxer.hikari.pool.PoolBase          : HikariPool-1 - Failed to validate connection com.mysql.cj.jdbc.ConnectionImpl@40e8af1b (No operations allowed after connection closed.). Possibly consider using a shorter maxLifetime value.
2020-03-06 09:01:30.618  WARN 30374 --- [http-nio-80-exec-3] com.zaxxer.hikari.pool.PoolBase          : HikariPool-1 - Failed to validate connection com.mysql.cj.jdbc.ConnectionImpl@12c81c5f (No operations allowed after connection closed.). Possibly consider using a shorter maxLifetime value.
2020-03-06 09:01:30.619  WARN 30374 --- [http-nio-80-exec-3] com.zaxxer.hikari.pool.PoolBase          : HikariPool-1 - Failed to validate connection com.mysql.cj.jdbc.ConnectionImpl@38338312 (No operations allowed after connection closed.). Possibly consider using a shorter maxLifetime value.
2020-03-06 09:01:30.620  WARN 30374 --- [http-nio-80-exec-3] com.zaxxer.hikari.pool.PoolBase          : HikariPool-1 - Failed to validate connection com.mysql.cj.jdbc.ConnectionImpl@206ac28d (No operations allowed after connection closed.). Possibly consider using a shorter maxLifetime value.
2020-03-06 09:06:51.961  WARN 30374 --- [http-nio-80-exec-4] com.zaxxer.hikari.pool.PoolBase          : HikariPool-1 - Failed to validate connection com.mysql.cj.jdbc.ConnectionImpl@6ba00dad (No operations allowed after connection closed.). Possibly consider using a shorter maxLifetime value.
2020-03-06 09:06:51.963  WARN 30374 --- [http-nio-80-exec-4] com.zaxxer.hikari.pool.PoolBase          : HikariPool-1 - Failed to validate connection com.mysql.cj.jdbc.ConnectionImpl@151a9753 (No operations allowed after connection closed.). Possibly consider using a shorter maxLifetime value.
2020-03-06 09:06:51.965  WARN 30374 --- [http-nio-80-exec-4] com.zaxxer.hikari.pool.PoolBase          : HikariPool-1 - Failed to validate connection com.mysql.cj.jdbc.ConnectionImpl@643fb652 (No operations allowed after connection closed.). Possibly consider using a shorter maxLifetime value.
2020-03-06 09:06:51.966  WARN 30374 --- [http-nio-80-exec-4] com.zaxxer.hikari.pool.PoolBase          : HikariPool-1 - Failed to validate connection com.mysql.cj.jdbc.ConnectionImpl@f19121d (No operations allowed after connection closed.). Possibly consider using a shorter maxLifetime value.
2020-03-06 09:06:51.967  WARN 30374 --- [http-nio-80-exec-4] com.zaxxer.hikari.pool.PoolBase          : HikariPool-1 - Failed to validate connection com.mysql.cj.jdbc.ConnectionImpl@10a096d0 (No operations allowed after connection closed.). Possibly consider using a shorter maxLifetime value.
2020-03-06 09:06:51.969  WARN 30374 --- [http-nio-80-exec-4] com.zaxxer.hikari.pool.PoolBase          : HikariPool-1 - Failed to validate connection com.mysql.cj.jdbc.ConnectionImpl@51413b98 (No operations allowed after connection closed.). Possibly consider using a shorter maxLifetime value.
2020-03-06 09:06:51.971  WARN 30374 --- [http-nio-80-exec-4] com.zaxxer.hikari.pool.PoolBase          : HikariPool-1 - Failed to validate connection com.mysql.cj.jdbc.ConnectionImpl@48559ac4 (No operations allowed after connection closed.). Possibly consider using a shorter maxLifetime value.
2020-03-06 09:06:51.972  WARN 30374 --- [http-nio-80-exec-4] com.zaxxer.hikari.pool.PoolBase          : HikariPool-1 - Failed to validate connection com.mysql.cj.jdbc.ConnectionImpl@f9bf029 (No operations allowed after connection closed.). Possibly consider using a shorter maxLifetime value.
2020-03-06 09:06:51.974  WARN 30374 --- [http-nio-80-exec-4] com.zaxxer.hikari.pool.PoolBase          : HikariPool-1 - Failed to validate connection com.mysql.cj.jdbc.ConnectionImpl@1b99e11c (No operations allowed after connection closed.). Possibly consider using a shorter maxLifetime value.
2020-03-06 09:06:51.976  WARN 30374 --- [http-nio-80-exec-4] com.zaxxer.hikari.pool.PoolBase          : HikariPool-1 - Failed to validate connection com.mysql.cj.jdbc.ConnectionImpl@435c940c (No operations allowed after connection closed.). Possibly consider using a shorter maxLifetime value.
2020-03-06 10:37:28.824  WARN 30374 --- [http-nio-80-exec-1] com.zaxxer.hikari.pool.PoolBase          : HikariPool-1 - Failed to validate connection com.mysql.cj.jdbc.ConnectionImpl@621f378f (No operations allowed after connection closed.). Possibly consider using a shorter maxLifetime value.
2020-03-06 10:37:28.827  WARN 30374 --- [http-nio-80-exec-1] com.zaxxer.hikari.pool.PoolBase          : HikariPool-1 - Failed to validate connection com.mysql.cj.jdbc.ConnectionImpl@1d91ee00 (No operations allowed after connection closed.). Possibly consider using a shorter maxLifetime value.
2020-03-06 10:39:28.396 ERROR 30374 --- [http-nio-80-exec-7] c.p.c.controller.AuthorizeController     : callback get error,null
2020-03-06 10:39:34.350 ERROR 30374 --- [http-nio-80-exec-3] c.p.c.controller.AuthorizeController     : callback get error,null
2020-03-06 10:39:39.652 ERROR 30374 --- [http-nio-80-exec-4] c.p.c.controller.AuthorizeController     : callback get error,null
2020-03-06 10:39:44.970 ERROR 30374 --- [http-nio-80-exec-1] c.p.c.controller.AuthorizeController     : callback get error,null
2020-03-06 11:15:31.477 ERROR 30374 --- [http-nio-80-exec-9] c.p.c.controller.AuthorizeController     : callback get error,null
2020-03-06 11:15:31.513  WARN 30374 --- [http-nio-80-exec-1] com.zaxxer.hikari.pool.PoolBase          : HikariPool-1 - Failed to validate connection com.mysql.cj.jdbc.ConnectionImpl@1ee83670 (No operations allowed after connection closed.). Possibly consider using a shorter maxLifetime value.
2020-03-06 11:15:31.516  WARN 30374 --- [http-nio-80-exec-1] com.zaxxer.hikari.pool.PoolBase          : HikariPool-1 - Failed to validate connection com.mysql.cj.jdbc.ConnectionImpl@1e49f66d (No operations allowed after connection closed.). Possibly consider using a shorter maxLifetime value.
2020-03-06 11:15:31.517  WARN 30374 --- [http-nio-80-exec-1] com.zaxxer.hikari.pool.PoolBase          : HikariPool-1 - Failed to validate connection com.mysql.cj.jdbc.ConnectionImpl@72432d2f (No operations allowed after connection closed.). Possibly consider using a shorter maxLifetime value.
2020-03-06 11:15:31.518  WARN 30374 --- [http-nio-80-exec-1] com.zaxxer.hikari.pool.PoolBase          : HikariPool-1 - Failed to validate connection com.mysql.cj.jdbc.ConnectionImpl@2dc7cea1 (No operations allowed after connection closed.). Possibly consider using a shorter maxLifetime value.
2020-03-06 11:15:31.520  WARN 30374 --- [http-nio-80-exec-1] com.zaxxer.hikari.pool.PoolBase          : HikariPool-1 - Failed to validate connection com.mysql.cj.jdbc.ConnectionImpl@4dcce322 (No operations allowed after connection closed.). Possibly consider using a shorter maxLifetime value.
2020-03-06 11:15:31.521  WARN 30374 --- [http-nio-80-exec-1] com.zaxxer.hikari.pool.PoolBase          : HikariPool-1 - Failed to validate connection com.mysql.cj.jdbc.ConnectionImpl@1ce78e68 (No operations allowed after connection closed.). Possibly consider using a shorter maxLifetime value.
2020-03-06 11:15:31.523  WARN 30374 --- [http-nio-80-exec-1] com.zaxxer.hikari.pool.PoolBase          : HikariPool-1 - Failed to validate connection com.mysql.cj.jdbc.ConnectionImpl@77a6e28e (No operations allowed after connection closed.). Possibly consider using a shorter maxLifetime value.
2020-03-06 11:15:31.524  WARN 30374 --- [http-nio-80-exec-1] com.zaxxer.hikari.pool.PoolBase          : HikariPool-1 - Failed to validate connection com.mysql.cj.jdbc.ConnectionImpl@6487881d (No operations allowed after connection closed.). Possibly consider using a shorter maxLifetime value.
2020-03-06 11:15:31.525  WARN 30374 --- [http-nio-80-exec-1] com.zaxxer.hikari.pool.PoolBase          : HikariPool-1 - Failed to validate connection com.mysql.cj.jdbc.ConnectionImpl@4e78a25c (No operations allowed after connection closed.). Possibly consider using a shorter maxLifetime value.
2020-03-06 11:15:31.526  WARN 30374 --- [http-nio-80-exec-1] com.zaxxer.hikari.pool.PoolBase          : HikariPool-1 - Failed to validate connection com.mysql.cj.jdbc.ConnectionImpl@6e4cf135 (No operations allowed after connection closed.). Possibly consider using a shorter maxLifetime value.
2020-03-06 11:16:11.649  INFO 30374 --- [Thread-3] o.s.s.concurrent.ThreadPoolTaskExecutor  : Shutting down ExecutorService 'applicationTaskExecutor'
2020-03-06 11:16:11.651  INFO 30374 --- [Thread-3] com.zaxxer.hikari.HikariDataSource       : HikariPool-1 - Shutdown initiated...
2020-03-06 11:16:11.667  INFO 30374 --- [Thread-3] com.zaxxer.hikari.HikariDataSource       : HikariPool-1 - Shutdown completed.
2020-03-06 11:18:59.265  INFO 4070 --- [main] com.pzk.community.CommunityApplication   : Starting CommunityApplication v0.0.1-SNAPSHOT on localhost with PID 4070 (/root/app/community/target/community-0.0.1-SNAPSHOT.jar started by root in /root/app/community)
2020-03-06 11:18:59.279  INFO 4070 --- [main] com.pzk.community.CommunityApplication   : The following profiles are active: production
2020-03-06 11:19:02.085  INFO 4070 --- [main] o.s.b.w.embedded.tomcat.TomcatWebServer  : Tomcat initialized with port(s): 80 (http)
2020-03-06 11:19:02.136  INFO 4070 --- [main] o.apache.catalina.core.StandardService   : Starting service [Tomcat]
2020-03-06 11:19:02.137  INFO 4070 --- [main] org.apache.catalina.core.StandardEngine  : Starting Servlet engine: [Apache Tomcat/9.0.17]
2020-03-06 11:19:02.285  INFO 4070 --- [main] o.a.c.c.C.[Tomcat].[localhost].[/]       : Initializing Spring embedded WebApplicationContext
2020-03-06 11:19:02.286  INFO 4070 --- [main] o.s.web.context.ContextLoader            : Root WebApplicationContext: initialization completed in 2920 ms
2020-03-06 11:19:03.608  INFO 4070 --- [main] o.s.s.concurrent.ThreadPoolTaskExecutor  : Initializing ExecutorService 'applicationTaskExecutor'
2020-03-06 11:19:03.857  INFO 4070 --- [main] o.s.b.a.w.s.WelcomePageHandlerMapping    : Adding welcome page template: index
2020-03-06 11:19:04.274  INFO 4070 --- [main] o.s.b.w.embedded.tomcat.TomcatWebServer  : Tomcat started on port(s): 80 (http) with context path ''
2020-03-06 11:19:04.280  INFO 4070 --- [main] com.pzk.community.CommunityApplication   : Started CommunityApplication in 6.154 seconds (JVM running for 6.91)
2020-03-06 11:19:04.556  INFO 4070 --- [http-nio-80-exec-1] o.a.c.c.C.[Tomcat].[localhost].[/]       : Initializing Spring DispatcherServlet 'dispatcherServlet'
2020-03-06 11:19:04.557  INFO 4070 --- [http-nio-80-exec-1] o.s.web.servlet.DispatcherServlet        : Initializing Servlet 'dispatcherServlet'
2020-03-06 11:19:04.572  INFO 4070 --- [http-nio-80-exec-1] o.s.web.servlet.DispatcherServlet        : Completed initialization in 15 ms
2020-03-06 11:19:04.711  INFO 4070 --- [http-nio-80-exec-1] com.zaxxer.hikari.HikariDataSource       : HikariPool-1 - Starting...
2020-03-06 11:19:04.965  INFO 4070 --- [http-nio-80-exec-1] com.zaxxer.hikari.HikariDataSource       : HikariPool-1 - Start completed.
2020-03-06 11:19:17.880 ERROR 4070 --- [http-nio-80-exec-3] c.p.c.controller.AuthorizeController     : callback get error,null
2020-03-06 11:25:04.757  WARN 4070 --- [http-nio-80-exec-8] com.zaxxer.hikari.pool.PoolBase          : HikariPool-1 - Failed to validate connection com.mysql.cj.jdbc.ConnectionImpl@3ea22b22 (No operations allowed after connection closed.). Possibly consider using a shorter maxLifetime value.
2020-03-06 11:25:04.760  WARN 4070 --- [http-nio-80-exec-8] com.zaxxer.hikari.pool.PoolBase          : HikariPool-1 - Failed to validate connection com.mysql.cj.jdbc.ConnectionImpl@8b8e7fe (No operations allowed after connection closed.). Possibly consider using a shorter maxLifetime value.
2020-03-06 11:25:04.764  WARN 4070 --- [http-nio-80-exec-8] com.zaxxer.hikari.pool.PoolBase          : HikariPool-1 - Failed to validate connection com.mysql.cj.jdbc.ConnectionImpl@27ec36f0 (No operations allowed after connection closed.). Possibly consider using a shorter maxLifetime value.
2020-03-06 11:25:04.766  WARN 4070 --- [http-nio-80-exec-8] com.zaxxer.hikari.pool.PoolBase          : HikariPool-1 - Failed to validate connection com.mysql.cj.jdbc.ConnectionImpl@3d08250e (No operations allowed after connection closed.). Possibly consider using a shorter maxLifetime value.
2020-03-06 11:25:04.768  WARN 4070 --- [http-nio-80-exec-8] com.zaxxer.hikari.pool.PoolBase          : HikariPool-1 - Failed to validate connection com.mysql.cj.jdbc.ConnectionImpl@215de8ce (No operations allowed after connection closed.). Possibly consider using a shorter maxLifetime value.
2020-03-06 11:25:04.770  WARN 4070 --- [http-nio-80-exec-8] com.zaxxer.hikari.pool.PoolBase          : HikariPool-1 - Failed to validate connection com.mysql.cj.jdbc.ConnectionImpl@6e956c0c (No operations allowed after connection closed.). Possibly consider using a shorter maxLifetime value.
2020-03-06 11:25:04.772  WARN 4070 --- [http-nio-80-exec-8] com.zaxxer.hikari.pool.PoolBase          : HikariPool-1 - Failed to validate connection com.mysql.cj.jdbc.ConnectionImpl@28889c98 (No operations allowed after connection closed.). Possibly consider using a shorter maxLifetime value.
2020-03-06 11:25:04.775  WARN 4070 --- [http-nio-80-exec-8] com.zaxxer.hikari.pool.PoolBase          : HikariPool-1 - Failed to validate connection com.mysql.cj.jdbc.ConnectionImpl@5454fcd2 (No operations allowed after connection closed.). Possibly consider using a shorter maxLifetime value.
2020-03-06 11:25:04.777  WARN 4070 --- [http-nio-80-exec-8] com.zaxxer.hikari.pool.PoolBase          : HikariPool-1 - Failed to validate connection com.mysql.cj.jdbc.ConnectionImpl@1a01750e (No operations allowed after connection closed.). Possibly consider using a shorter maxLifetime value.
2020-03-06 11:25:04.779  WARN 4070 --- [http-nio-80-exec-8] com.zaxxer.hikari.pool.PoolBase          : HikariPool-1 - Failed to validate connection com.mysql.cj.jdbc.ConnectionImpl@5fb18f4e (No operations allowed after connection closed.). Possibly consider using a shorter maxLifetime value.
2020-03-06 11:28:10.266  WARN 4070 --- [http-nio-80-exec-9] o.a.c.util.SessionIdGeneratorBase        : Creation of SecureRandom instance for session ID generation using [SHA1PRNG] took [185,409] milliseconds.
2020-03-06 11:28:10.266  WARN 4070 --- [http-nio-80-exec-7] o.a.c.util.SessionIdGeneratorBase        : Creation of SecureRandom instance for session ID generation using [SHA1PRNG] took [189,757] milliseconds.
2020-03-06 11:31:31.817  WARN 4070 --- [http-nio-80-exec-8] com.zaxxer.hikari.pool.PoolBase          : HikariPool-1 - Failed to validate connection com.mysql.cj.jdbc.ConnectionImpl@98b5d15 (No operations allowed after connection closed.). Possibly consider using a shorter maxLifetime value.
2020-03-06 11:31:31.819  WARN 4070 --- [http-nio-80-exec-8] com.zaxxer.hikari.pool.PoolBase          : HikariPool-1 - Failed to validate connection com.mysql.cj.jdbc.ConnectionImpl@1b9f10cd (No operations allowed after connection closed.). Possibly consider using a shorter maxLifetime value.
2020-03-06 11:31:31.821  WARN 4070 --- [http-nio-80-exec-8] com.zaxxer.hikari.pool.PoolBase          : HikariPool-1 - Failed to validate connection com.mysql.cj.jdbc.ConnectionImpl@1a722ab4 (No operations allowed after connection closed.). Possibly consider using a shorter maxLifetime value.
2020-03-06 11:31:31.822  WARN 4070 --- [http-nio-80-exec-8] com.zaxxer.hikari.pool.PoolBase          : HikariPool-1 - Failed to validate connection com.mysql.cj.jdbc.ConnectionImpl@49c2af1a (No operations allowed after connection closed.). Possibly consider using a shorter maxLifetime value.
2020-03-06 11:31:31.824  WARN 4070 --- [http-nio-80-exec-8] com.zaxxer.hikari.pool.PoolBase          : HikariPool-1 - Failed to validate connection com.mysql.cj.jdbc.ConnectionImpl@736d7d4c (No operations allowed after connection closed.). Possibly consider using a shorter maxLifetime value.
2020-03-06 11:31:31.827  WARN 4070 --- [http-nio-80-exec-8] com.zaxxer.hikari.pool.PoolBase          : HikariPool-1 - Failed to validate connection com.mysql.cj.jdbc.ConnectionImpl@475d6baa (No operations allowed after connection closed.). Possibly consider using a shorter maxLifetime value.
2020-03-06 11:31:31.828  WARN 4070 --- [http-nio-80-exec-8] com.zaxxer.hikari.pool.PoolBase          : HikariPool-1 - Failed to validate connection com.mysql.cj.jdbc.ConnectionImpl@5f42f910 (No operations allowed after connection closed.). Possibly consider using a shorter maxLifetime value.
2020-03-06 11:31:31.841  WARN 4070 --- [http-nio-80-exec-8] com.zaxxer.hikari.pool.PoolBase          : HikariPool-1 - Failed to validate connection com.mysql.cj.jdbc.ConnectionImpl@7769c3ce (No operations allowed after connection closed.). Possibly consider using a shorter maxLifetime value.
2020-03-06 11:31:31.843  WARN 4070 --- [http-nio-80-exec-8] com.zaxxer.hikari.pool.PoolBase          : HikariPool-1 - Failed to validate connection com.mysql.cj.jdbc.ConnectionImpl@317976f6 (No operations allowed after connection closed.). Possibly consider using a shorter maxLifetime value.
2020-03-06 11:31:31.845  WARN 4070 --- [http-nio-80-exec-8] com.zaxxer.hikari.pool.PoolBase          : HikariPool-1 - Failed to validate connection com.mysql.cj.jdbc.ConnectionImpl@1dd55b48 (No operations allowed after connection closed.). Possibly consider using a shorter maxLifetime value.
2020-03-06 11:32:01.697 ERROR 4070 --- [http-nio-80-exec-3] c.p.c.controller.AuthorizeController     : callback get error,null
2020-03-06 11:32:07.748 ERROR 4070 --- [http-nio-80-exec-5] c.p.c.controller.AuthorizeController     : callback get error,null
2020-03-06 11:32:26.046 ERROR 4070 --- [http-nio-80-exec-6] c.p.c.controller.AuthorizeController     : callback get error,null
2020-03-06 11:32:31.098 ERROR 4070 --- [http-nio-80-exec-8] c.p.c.controller.AuthorizeController     : callback get error,null
2020-03-06 11:33:32.749  WARN 4070 --- [http-nio-80-exec-8] .w.s.m.s.DefaultHandlerExceptionResolver : Resolved [org.springframework.web.bind.MissingServletRequestParameterException: Required String parameter 'code' is not present]
2020-03-06 11:34:13.765  WARN 4070 --- [http-nio-80-exec-8] com.zaxxer.hikari.pool.PoolBase          : HikariPool-1 - Failed to validate connection com.mysql.cj.jdbc.ConnectionImpl@ff0a97b (No operations allowed after connection closed.). Possibly consider using a shorter maxLifetime value.
2020-03-06 11:34:30.284  WARN 4070 --- [http-nio-80-exec-5] .w.s.m.s.DefaultHandlerExceptionResolver : Resolved [org.springframework.web.bind.MissingServletRequestParameterException: Required String parameter 'code' is not present]
2020-03-06 11:35:00.213  WARN 4070 --- [http-nio-80-exec-7] .w.s.m.s.DefaultHandlerExceptionResolver : Resolved [org.springframework.web.bind.MissingServletRequestParameterException: Required String parameter 'code' is not present]
2020-03-06 11:35:01.135  WARN 4070 --- [http-nio-80-exec-9] .w.s.m.s.DefaultHandlerExceptionResolver : Resolved [org.springframework.web.bind.MissingServletRequestParameterException: Required String parameter 'code' is not present]
2020-03-06 11:35:06.987  WARN 4070 --- [http-nio-80-exec-10] .w.s.m.s.DefaultHandlerExceptionResolver : Resolved [org.springframework.web.bind.MissingServletRequestParameterException: Required String parameter 'code' is not present]
2020-03-06 11:35:28.099  WARN 4070 --- [http-nio-80-exec-7] .w.s.m.s.DefaultHandlerExceptionResolver : Resolved [org.springframework.web.bind.MissingServletRequestParameterException: Required String parameter 'code' is not present]
2020-03-06 11:40:29.085  WARN 4070 --- [http-nio-80-exec-6] com.zaxxer.hikari.pool.PoolBase          : HikariPool-1 - Failed to validate connection com.mysql.cj.jdbc.ConnectionImpl@670333b9 (No operations allowed after connection closed.). Possibly consider using a shorter maxLifetime value.
2020-03-06 11:40:29.086  WARN 4070 --- [http-nio-80-exec-6] com.zaxxer.hikari.pool.PoolBase          : HikariPool-1 - Failed to validate connection com.mysql.cj.jdbc.ConnectionImpl@4b8ec0b3 (No operations allowed after connection closed.). Possibly consider using a shorter maxLifetime value.
2020-03-06 11:40:29.089  WARN 4070 --- [http-nio-80-exec-6] com.zaxxer.hikari.pool.PoolBase          : HikariPool-1 - Failed to validate connection com.mysql.cj.jdbc.ConnectionImpl@86f5157 (No operations allowed after connection closed.). Possibly consider using a shorter maxLifetime value.
2020-03-06 11:40:29.091  WARN 4070 --- [http-nio-80-exec-6] com.zaxxer.hikari.pool.PoolBase          : HikariPool-1 - Failed to validate connection com.mysql.cj.jdbc.ConnectionImpl@760f3518 (No operations allowed after connection closed.). Possibly consider using a shorter maxLifetime value.
2020-03-06 11:40:29.093  WARN 4070 --- [http-nio-80-exec-6] com.zaxxer.hikari.pool.PoolBase          : HikariPool-1 - Failed to validate connection com.mysql.cj.jdbc.ConnectionImpl@19451472 (No operations allowed after connection closed.). Possibly consider using a shorter maxLifetime value.
2020-03-06 11:40:29.095  WARN 4070 --- [http-nio-80-exec-6] com.zaxxer.hikari.pool.PoolBase          : HikariPool-1 - Failed to validate connection com.mysql.cj.jdbc.ConnectionImpl@2473d4b1 (No operations allowed after connection closed.). Possibly consider using a shorter maxLifetime value.
2020-03-06 11:40:29.097  WARN 4070 --- [http-nio-80-exec-6] com.zaxxer.hikari.pool.PoolBase          : HikariPool-1 - Failed to validate connection com.mysql.cj.jdbc.ConnectionImpl@56e4dc81 (No operations allowed after connection closed.). Possibly consider using a shorter maxLifetime value.
2020-03-06 11:40:29.099  WARN 4070 --- [http-nio-80-exec-6] com.zaxxer.hikari.pool.PoolBase          : HikariPool-1 - Failed to validate connection com.mysql.cj.jdbc.ConnectionImpl@59cc84b0 (No operations allowed after connection closed.). Possibly consider using a shorter maxLifetime value.
2020-03-06 11:40:29.101  WARN 4070 --- [http-nio-80-exec-6] com.zaxxer.hikari.pool.PoolBase          : HikariPool-1 - Failed to validate connection com.mysql.cj.jdbc.ConnectionImpl@689bfd7f (No operations allowed after connection closed.). Possibly consider using a shorter maxLifetime value.
2020-03-06 11:40:29.103  WARN 4070 --- [http-nio-80-exec-6] com.zaxxer.hikari.pool.PoolBase          : HikariPool-1 - Failed to validate connection com.mysql.cj.jdbc.ConnectionImpl@52f77a81 (No operations allowed after connection closed.). Possibly consider using a shorter maxLifetime value.
2020-03-06 11:42:29.467  WARN 4070 --- [http-nio-80-exec-1] .w.s.m.s.DefaultHandlerExceptionResolver : Resolved [org.springframework.web.bind.MissingServletRequestParameterException: Required String parameter 'code' is not present]
2020-03-06 11:50:54.018  INFO 4070 --- [Thread-3] o.s.s.concurrent.ThreadPoolTaskExecutor  : Shutting down ExecutorService 'applicationTaskExecutor'
2020-03-06 11:50:54.020  INFO 4070 --- [Thread-3] com.zaxxer.hikari.HikariDataSource       : HikariPool-1 - Shutdown initiated...
2020-03-06 11:50:54.029  INFO 4070 --- [Thread-3] com.zaxxer.hikari.HikariDataSource       : HikariPool-1 - Shutdown completed.
=======
2020-03-02 20:04:24.334  INFO 14588 --- [restartedMain] com.pzk.community.CommunityApplication   : Starting CommunityApplication on pzk with PID 14588 (D:\IdeaProjects\community\target\classes started by asus in D:\IdeaProjects\community)
2020-03-02 20:04:24.411  INFO 14588 --- [restartedMain] com.pzk.community.CommunityApplication   : No active profile set, falling back to default profiles: default
2020-03-02 20:04:24.953  INFO 14588 --- [restartedMain] .e.DevToolsPropertyDefaultsPostProcessor : Devtools property defaults active! Set 'spring.devtools.add-properties' to 'false' to disable
2020-03-02 20:04:24.954  INFO 14588 --- [restartedMain] .e.DevToolsPropertyDefaultsPostProcessor : For additional web related logging consider setting the 'logging.level.web' property to 'DEBUG'
2020-03-02 20:04:34.475  INFO 14588 --- [restartedMain] o.s.b.w.embedded.tomcat.TomcatWebServer  : Tomcat initialized with port(s): 80 (http)
2020-03-02 20:04:34.587  INFO 14588 --- [restartedMain] o.apache.catalina.core.StandardService   : Starting service [Tomcat]
2020-03-02 20:04:34.587  INFO 14588 --- [restartedMain] org.apache.catalina.core.StandardEngine  : Starting Servlet engine: [Apache Tomcat/9.0.17]
2020-03-02 20:04:34.780  INFO 14588 --- [restartedMain] o.a.c.c.C.[Tomcat].[localhost].[/]       : Initializing Spring embedded WebApplicationContext
2020-03-02 20:04:34.781  INFO 14588 --- [restartedMain] o.s.web.context.ContextLoader            : Root WebApplicationContext: initialization completed in 9825 ms
2020-03-02 20:04:37.184  INFO 14588 --- [restartedMain] o.s.s.concurrent.ThreadPoolTaskExecutor  : Initializing ExecutorService 'applicationTaskExecutor'
2020-03-02 20:04:37.555  INFO 14588 --- [restartedMain] o.s.b.a.w.s.WelcomePageHandlerMapping    : Adding welcome page template: index
2020-03-02 20:04:38.662  INFO 14588 --- [restartedMain] o.s.b.d.a.OptionalLiveReloadServer       : LiveReload server is running on port 35729
2020-03-02 20:04:38.809  INFO 14588 --- [restartedMain] o.s.b.w.embedded.tomcat.TomcatWebServer  : Tomcat started on port(s): 80 (http) with context path ''
2020-03-02 20:04:38.812  INFO 14588 --- [restartedMain] com.pzk.community.CommunityApplication   : Started CommunityApplication in 17.088 seconds (JVM running for 22.093)
2020-03-02 20:04:56.936  INFO 14588 --- [http-nio-80-exec-1] o.a.c.c.C.[Tomcat].[localhost].[/]       : Initializing Spring DispatcherServlet 'dispatcherServlet'
2020-03-02 20:04:56.937  INFO 14588 --- [http-nio-80-exec-1] o.s.web.servlet.DispatcherServlet        : Initializing Servlet 'dispatcherServlet'
2020-03-02 20:04:56.945  INFO 14588 --- [http-nio-80-exec-1] o.s.web.servlet.DispatcherServlet        : Completed initialization in 8 ms
2020-03-02 20:04:57.243  INFO 14588 --- [http-nio-80-exec-1] com.zaxxer.hikari.HikariDataSource       : HikariPool-1 - Starting...
2020-03-02 20:04:57.977  INFO 14588 --- [http-nio-80-exec-1] com.zaxxer.hikari.HikariDataSource       : HikariPool-1 - Start completed.
2020-03-02 20:05:01.732 ERROR 14588 --- [http-nio-80-exec-7] o.a.c.c.C.[.[.[/].[dispatcherServlet]    : Servlet.service() for servlet [dispatcherServlet] in context with path [] threw exception [Request processing failed; nested exception is org.springframework.jdbc.BadSqlGrammarException: 
### Error querying database.  Cause: java.sql.SQLSyntaxErrorException: Got error 'empty (sub)expression' from regexp
### The error may exist in com/pzk/community/mapper/QuestionMapper.java (best guess)
### The error may involve com.pzk.community.mapper.QuestionMapper.releatedQuestionByTag-Inline
### The error occurred while setting parameters
### SQL: select * from question where id!=? and tag regexp ?
### Cause: java.sql.SQLSyntaxErrorException: Got error 'empty (sub)expression' from regexp
; bad SQL grammar []; nested exception is java.sql.SQLSyntaxErrorException: Got error 'empty (sub)expression' from regexp] with root cause

java.sql.SQLSyntaxErrorException: Got error 'empty (sub)expression' from regexp
	at com.mysql.cj.jdbc.exceptions.SQLError.createSQLException(SQLError.java:120) ~[mysql-connector-java-8.0.15.jar:8.0.15]
	at com.mysql.cj.jdbc.exceptions.SQLError.createSQLException(SQLError.java:97) ~[mysql-connector-java-8.0.15.jar:8.0.15]
	at com.mysql.cj.jdbc.exceptions.SQLExceptionsMapping.translateException(SQLExceptionsMapping.java:122) ~[mysql-connector-java-8.0.15.jar:8.0.15]
	at com.mysql.cj.jdbc.ClientPreparedStatement.executeInternal(ClientPreparedStatement.java:970) ~[mysql-connector-java-8.0.15.jar:8.0.15]
	at com.mysql.cj.jdbc.ClientPreparedStatement.execute(ClientPreparedStatement.java:387) ~[mysql-connector-java-8.0.15.jar:8.0.15]
	at com.zaxxer.hikari.pool.ProxyPreparedStatement.execute(ProxyPreparedStatement.java:44) ~[HikariCP-3.2.0.jar:na]
	at com.zaxxer.hikari.pool.HikariProxyPreparedStatement.execute(HikariProxyPreparedStatement.java) ~[HikariCP-3.2.0.jar:na]
	at org.apache.ibatis.executor.statement.PreparedStatementHandler.query(PreparedStatementHandler.java:64) ~[mybatis-3.5.0.jar:3.5.0]
	at org.apache.ibatis.executor.statement.RoutingStatementHandler.query(RoutingStatementHandler.java:79) ~[mybatis-3.5.0.jar:3.5.0]
	at org.apache.ibatis.executor.SimpleExecutor.doQuery(SimpleExecutor.java:63) ~[mybatis-3.5.0.jar:3.5.0]
	at org.apache.ibatis.executor.BaseExecutor.queryFromDatabase(BaseExecutor.java:324) ~[mybatis-3.5.0.jar:3.5.0]
	at org.apache.ibatis.executor.BaseExecutor.query(BaseExecutor.java:156) ~[mybatis-3.5.0.jar:3.5.0]
	at org.apache.ibatis.executor.CachingExecutor.query(CachingExecutor.java:109) ~[mybatis-3.5.0.jar:3.5.0]
	at com.github.pagehelper.PageInterceptor.intercept(PageInterceptor.java:143) ~[pagehelper-5.1.2.jar:na]
	at org.apache.ibatis.plugin.Plugin.invoke(Plugin.java:61) ~[mybatis-3.5.0.jar:3.5.0]
	at com.sun.proxy.$Proxy96.query(Unknown Source) ~[na:na]
	at org.apache.ibatis.session.defaults.DefaultSqlSession.selectList(DefaultSqlSession.java:148) ~[mybatis-3.5.0.jar:3.5.0]
	at org.apache.ibatis.session.defaults.DefaultSqlSession.selectList(DefaultSqlSession.java:141) ~[mybatis-3.5.0.jar:3.5.0]
	at sun.reflect.NativeMethodAccessorImpl.invoke0(Native Method) ~[na:1.8.0_201]
	at sun.reflect.NativeMethodAccessorImpl.invoke(NativeMethodAccessorImpl.java:62) ~[na:1.8.0_201]
	at sun.reflect.DelegatingMethodAccessorImpl.invoke(DelegatingMethodAccessorImpl.java:43) ~[na:1.8.0_201]
	at java.lang.reflect.Method.invoke(Method.java:498) ~[na:1.8.0_201]
	at org.mybatis.spring.SqlSessionTemplate$SqlSessionInterceptor.invoke(SqlSessionTemplate.java:433) ~[mybatis-spring-2.0.0.jar:2.0.0]
	at com.sun.proxy.$Proxy69.selectList(Unknown Source) ~[na:na]
	at org.mybatis.spring.SqlSessionTemplate.selectList(SqlSessionTemplate.java:230) ~[mybatis-spring-2.0.0.jar:2.0.0]
	at org.apache.ibatis.binding.MapperMethod.executeForMany(MapperMethod.java:144) ~[mybatis-3.5.0.jar:3.5.0]
	at org.apache.ibatis.binding.MapperMethod.execute(MapperMethod.java:77) ~[mybatis-3.5.0.jar:3.5.0]
	at org.apache.ibatis.binding.MapperProxy.invoke(MapperProxy.java:58) ~[mybatis-3.5.0.jar:3.5.0]
	at com.sun.proxy.$Proxy79.releatedQuestionByTag(Unknown Source) ~[na:na]
	at sun.reflect.NativeMethodAccessorImpl.invoke0(Native Method) ~[na:1.8.0_201]
	at sun.reflect.NativeMethodAccessorImpl.invoke(NativeMethodAccessorImpl.java:62) ~[na:1.8.0_201]
	at sun.reflect.DelegatingMethodAccessorImpl.invoke(DelegatingMethodAccessorImpl.java:43) ~[na:1.8.0_201]
	at java.lang.reflect.Method.invoke(Method.java:498) ~[na:1.8.0_201]
	at org.springframework.aop.support.AopUtils.invokeJoinpointUsingReflection(AopUtils.java:343) ~[spring-aop-5.1.6.RELEASE.jar:5.1.6.RELEASE]
	at org.springframework.aop.framework.ReflectiveMethodInvocation.invokeJoinpoint(ReflectiveMethodInvocation.java:198) ~[spring-aop-5.1.6.RELEASE.jar:5.1.6.RELEASE]
	at org.springframework.aop.framework.ReflectiveMethodInvocation.proceed(ReflectiveMethodInvocation.java:163) ~[spring-aop-5.1.6.RELEASE.jar:5.1.6.RELEASE]
	at org.springframework.dao.support.PersistenceExceptionTranslationInterceptor.invoke(PersistenceExceptionTranslationInterceptor.java:139) ~[spring-tx-5.1.6.RELEASE.jar:5.1.6.RELEASE]
	at org.springframework.aop.framework.ReflectiveMethodInvocation.proceed(ReflectiveMethodInvocation.java:186) ~[spring-aop-5.1.6.RELEASE.jar:5.1.6.RELEASE]
	at org.springframework.aop.framework.JdkDynamicAopProxy.invoke(JdkDynamicAopProxy.java:212) ~[spring-aop-5.1.6.RELEASE.jar:5.1.6.RELEASE]
	at com.sun.proxy.$Proxy80.releatedQuestionByTag(Unknown Source) ~[na:na]
	at com.pzk.community.service.QuestionService.releatedQuestionByTag(QuestionService.java:189) ~[classes/:na]
	at com.pzk.community.controller.QuestionController.question(QuestionController.java:31) ~[classes/:na]
	at sun.reflect.NativeMethodAccessorImpl.invoke0(Native Method) ~[na:1.8.0_201]
	at sun.reflect.NativeMethodAccessorImpl.invoke(NativeMethodAccessorImpl.java:62) ~[na:1.8.0_201]
	at sun.reflect.DelegatingMethodAccessorImpl.invoke(DelegatingMethodAccessorImpl.java:43) ~[na:1.8.0_201]
	at java.lang.reflect.Method.invoke(Method.java:498) ~[na:1.8.0_201]
	at org.springframework.web.method.support.InvocableHandlerMethod.doInvoke(InvocableHandlerMethod.java:189) ~[spring-web-5.1.6.RELEASE.jar:5.1.6.RELEASE]
	at org.springframework.web.method.support.InvocableHandlerMethod.invokeForRequest(InvocableHandlerMethod.java:138) ~[spring-web-5.1.6.RELEASE.jar:5.1.6.RELEASE]
	at org.springframework.web.servlet.mvc.method.annotation.ServletInvocableHandlerMethod.invokeAndHandle(ServletInvocableHandlerMethod.java:102) ~[spring-webmvc-5.1.6.RELEASE.jar:5.1.6.RELEASE]
	at org.springframework.web.servlet.mvc.method.annotation.RequestMappingHandlerAdapter.invokeHandlerMethod(RequestMappingHandlerAdapter.java:892) ~[spring-webmvc-5.1.6.RELEASE.jar:5.1.6.RELEASE]
	at org.springframework.web.servlet.mvc.method.annotation.RequestMappingHandlerAdapter.handleInternal(RequestMappingHandlerAdapter.java:797) ~[spring-webmvc-5.1.6.RELEASE.jar:5.1.6.RELEASE]
	at org.springframework.web.servlet.mvc.method.AbstractHandlerMethodAdapter.handle(AbstractHandlerMethodAdapter.java:87) ~[spring-webmvc-5.1.6.RELEASE.jar:5.1.6.RELEASE]
	at org.springframework.web.servlet.DispatcherServlet.doDispatch(DispatcherServlet.java:1038) ~[spring-webmvc-5.1.6.RELEASE.jar:5.1.6.RELEASE]
	at org.springframework.web.servlet.DispatcherServlet.doService(DispatcherServlet.java:942) ~[spring-webmvc-5.1.6.RELEASE.jar:5.1.6.RELEASE]
	at org.springframework.web.servlet.FrameworkServlet.processRequest(FrameworkServlet.java:1005) ~[spring-webmvc-5.1.6.RELEASE.jar:5.1.6.RELEASE]
	at org.springframework.web.servlet.FrameworkServlet.doGet(FrameworkServlet.java:897) ~[spring-webmvc-5.1.6.RELEASE.jar:5.1.6.RELEASE]
	at javax.servlet.http.HttpServlet.service(HttpServlet.java:634) ~[tomcat-embed-core-9.0.17.jar:9.0.17]
	at org.springframework.web.servlet.FrameworkServlet.service(FrameworkServlet.java:882) ~[spring-webmvc-5.1.6.RELEASE.jar:5.1.6.RELEASE]
	at javax.servlet.http.HttpServlet.service(HttpServlet.java:741) ~[tomcat-embed-core-9.0.17.jar:9.0.17]
	at org.apache.catalina.core.ApplicationFilterChain.internalDoFilter(ApplicationFilterChain.java:231) ~[tomcat-embed-core-9.0.17.jar:9.0.17]
	at org.apache.catalina.core.ApplicationFilterChain.doFilter(ApplicationFilterChain.java:166) ~[tomcat-embed-core-9.0.17.jar:9.0.17]
	at org.apache.tomcat.websocket.server.WsFilter.doFilter(WsFilter.java:53) ~[tomcat-embed-websocket-9.0.17.jar:9.0.17]
	at org.apache.catalina.core.ApplicationFilterChain.internalDoFilter(ApplicationFilterChain.java:193) ~[tomcat-embed-core-9.0.17.jar:9.0.17]
	at org.apache.catalina.core.ApplicationFilterChain.doFilter(ApplicationFilterChain.java:166) ~[tomcat-embed-core-9.0.17.jar:9.0.17]
	at org.springframework.web.filter.RequestContextFilter.doFilterInternal(RequestContextFilter.java:99) ~[spring-web-5.1.6.RELEASE.jar:5.1.6.RELEASE]
	at org.springframework.web.filter.OncePerRequestFilter.doFilter(OncePerRequestFilter.java:107) ~[spring-web-5.1.6.RELEASE.jar:5.1.6.RELEASE]
	at org.apache.catalina.core.ApplicationFilterChain.internalDoFilter(ApplicationFilterChain.java:193) ~[tomcat-embed-core-9.0.17.jar:9.0.17]
	at org.apache.catalina.core.ApplicationFilterChain.doFilter(ApplicationFilterChain.java:166) ~[tomcat-embed-core-9.0.17.jar:9.0.17]
	at org.springframework.web.filter.FormContentFilter.doFilterInternal(FormContentFilter.java:92) ~[spring-web-5.1.6.RELEASE.jar:5.1.6.RELEASE]
	at org.springframework.web.filter.OncePerRequestFilter.doFilter(OncePerRequestFilter.java:107) ~[spring-web-5.1.6.RELEASE.jar:5.1.6.RELEASE]
	at org.apache.catalina.core.ApplicationFilterChain.internalDoFilter(ApplicationFilterChain.java:193) ~[tomcat-embed-core-9.0.17.jar:9.0.17]
	at org.apache.catalina.core.ApplicationFilterChain.doFilter(ApplicationFilterChain.java:166) ~[tomcat-embed-core-9.0.17.jar:9.0.17]
	at org.springframework.web.filter.HiddenHttpMethodFilter.doFilterInternal(HiddenHttpMethodFilter.java:93) ~[spring-web-5.1.6.RELEASE.jar:5.1.6.RELEASE]
	at org.springframework.web.filter.OncePerRequestFilter.doFilter(OncePerRequestFilter.java:107) ~[spring-web-5.1.6.RELEASE.jar:5.1.6.RELEASE]
	at org.apache.catalina.core.ApplicationFilterChain.internalDoFilter(ApplicationFilterChain.java:193) ~[tomcat-embed-core-9.0.17.jar:9.0.17]
	at org.apache.catalina.core.ApplicationFilterChain.doFilter(ApplicationFilterChain.java:166) ~[tomcat-embed-core-9.0.17.jar:9.0.17]
	at org.springframework.web.filter.CharacterEncodingFilter.doFilterInternal(CharacterEncodingFilter.java:200) ~[spring-web-5.1.6.RELEASE.jar:5.1.6.RELEASE]
	at org.springframework.web.filter.OncePerRequestFilter.doFilter(OncePerRequestFilter.java:107) ~[spring-web-5.1.6.RELEASE.jar:5.1.6.RELEASE]
	at org.apache.catalina.core.ApplicationFilterChain.internalDoFilter(ApplicationFilterChain.java:193) ~[tomcat-embed-core-9.0.17.jar:9.0.17]
	at org.apache.catalina.core.ApplicationFilterChain.doFilter(ApplicationFilterChain.java:166) ~[tomcat-embed-core-9.0.17.jar:9.0.17]
	at org.apache.catalina.core.StandardWrapperValve.invoke(StandardWrapperValve.java:200) ~[tomcat-embed-core-9.0.17.jar:9.0.17]
	at org.apache.catalina.core.StandardContextValve.invoke(StandardContextValve.java:96) [tomcat-embed-core-9.0.17.jar:9.0.17]
	at org.apache.catalina.authenticator.AuthenticatorBase.invoke(AuthenticatorBase.java:490) [tomcat-embed-core-9.0.17.jar:9.0.17]
	at org.apache.catalina.core.StandardHostValve.invoke(StandardHostValve.java:139) [tomcat-embed-core-9.0.17.jar:9.0.17]
	at org.apache.catalina.valves.ErrorReportValve.invoke(ErrorReportValve.java:92) [tomcat-embed-core-9.0.17.jar:9.0.17]
	at org.apache.catalina.core.StandardEngineValve.invoke(StandardEngineValve.java:74) [tomcat-embed-core-9.0.17.jar:9.0.17]
	at org.apache.catalina.connector.CoyoteAdapter.service(CoyoteAdapter.java:343) [tomcat-embed-core-9.0.17.jar:9.0.17]
	at org.apache.coyote.http11.Http11Processor.service(Http11Processor.java:408) [tomcat-embed-core-9.0.17.jar:9.0.17]
	at org.apache.coyote.AbstractProcessorLight.process(AbstractProcessorLight.java:66) [tomcat-embed-core-9.0.17.jar:9.0.17]
	at org.apache.coyote.AbstractProtocol$ConnectionHandler.process(AbstractProtocol.java:834) [tomcat-embed-core-9.0.17.jar:9.0.17]
	at org.apache.tomcat.util.net.NioEndpoint$SocketProcessor.doRun(NioEndpoint.java:1415) [tomcat-embed-core-9.0.17.jar:9.0.17]
	at org.apache.tomcat.util.net.SocketProcessorBase.run(SocketProcessorBase.java:49) [tomcat-embed-core-9.0.17.jar:9.0.17]
	at java.util.concurrent.ThreadPoolExecutor.runWorker(ThreadPoolExecutor.java:1149) [na:1.8.0_201]
	at java.util.concurrent.ThreadPoolExecutor$Worker.run(ThreadPoolExecutor.java:624) [na:1.8.0_201]
	at org.apache.tomcat.util.threads.TaskThread$WrappingRunnable.run(TaskThread.java:61) [tomcat-embed-core-9.0.17.jar:9.0.17]
	at java.lang.Thread.run(Thread.java:748) [na:1.8.0_201]

2020-03-02 20:08:02.507  INFO 14856 --- [restartedMain] com.pzk.community.CommunityApplication   : Starting CommunityApplication on pzk with PID 14856 (D:\IdeaProjects\community\target\classes started by asus in D:\IdeaProjects\community)
2020-03-02 20:08:02.514  INFO 14856 --- [restartedMain] com.pzk.community.CommunityApplication   : No active profile set, falling back to default profiles: default
2020-03-02 20:08:02.574  INFO 14856 --- [restartedMain] .e.DevToolsPropertyDefaultsPostProcessor : Devtools property defaults active! Set 'spring.devtools.add-properties' to 'false' to disable
2020-03-02 20:08:02.575  INFO 14856 --- [restartedMain] .e.DevToolsPropertyDefaultsPostProcessor : For additional web related logging consider setting the 'logging.level.web' property to 'DEBUG'
2020-03-02 20:08:05.020  INFO 14856 --- [restartedMain] o.s.b.w.embedded.tomcat.TomcatWebServer  : Tomcat initialized with port(s): 80 (http)
2020-03-02 20:08:05.046  INFO 14856 --- [restartedMain] o.apache.catalina.core.StandardService   : Starting service [Tomcat]
2020-03-02 20:08:05.047  INFO 14856 --- [restartedMain] org.apache.catalina.core.StandardEngine  : Starting Servlet engine: [Apache Tomcat/9.0.17]
2020-03-02 20:08:05.191  INFO 14856 --- [restartedMain] o.a.c.c.C.[Tomcat].[localhost].[/]       : Initializing Spring embedded WebApplicationContext
2020-03-02 20:08:05.192  INFO 14856 --- [restartedMain] o.s.web.context.ContextLoader            : Root WebApplicationContext: initialization completed in 2617 ms
2020-03-02 20:08:06.591  INFO 14856 --- [restartedMain] o.s.s.concurrent.ThreadPoolTaskExecutor  : Initializing ExecutorService 'applicationTaskExecutor'
2020-03-02 20:08:06.791  INFO 14856 --- [restartedMain] o.s.b.a.w.s.WelcomePageHandlerMapping    : Adding welcome page template: index
2020-03-02 20:08:07.181  INFO 14856 --- [restartedMain] o.s.b.d.a.OptionalLiveReloadServer       : LiveReload server is running on port 35729
2020-03-02 20:08:07.243  INFO 14856 --- [restartedMain] o.s.b.w.embedded.tomcat.TomcatWebServer  : Tomcat started on port(s): 80 (http) with context path ''
2020-03-02 20:08:07.247  INFO 14856 --- [restartedMain] com.pzk.community.CommunityApplication   : Started CommunityApplication in 5.335 seconds (JVM running for 9.467)
2020-03-02 20:08:15.886  INFO 14856 --- [http-nio-80-exec-2] o.a.c.c.C.[Tomcat].[localhost].[/]       : Initializing Spring DispatcherServlet 'dispatcherServlet'
2020-03-02 20:08:15.887  INFO 14856 --- [http-nio-80-exec-2] o.s.web.servlet.DispatcherServlet        : Initializing Servlet 'dispatcherServlet'
2020-03-02 20:08:15.898  INFO 14856 --- [http-nio-80-exec-2] o.s.web.servlet.DispatcherServlet        : Completed initialization in 10 ms
2020-03-02 20:08:29.100  INFO 14856 --- [http-nio-80-exec-2] com.zaxxer.hikari.HikariDataSource       : HikariPool-1 - Starting...
2020-03-02 20:08:29.889  INFO 14856 --- [http-nio-80-exec-2] com.zaxxer.hikari.HikariDataSource       : HikariPool-1 - Start completed.
2020-03-02 20:11:21.119  WARN 14856 --- [HikariPool-1 housekeeper] com.zaxxer.hikari.pool.HikariPool        : HikariPool-1 - Thread starvation or clock leap detected (housekeeper delta=2m13s580ms918s800ns).
2020-03-02 20:11:21.126  WARN 14856 --- [http-nio-80-exec-2] com.zaxxer.hikari.pool.PoolBase          : HikariPool-1 - Failed to validate connection com.mysql.cj.jdbc.ConnectionImpl@205ef86f (No operations allowed after connection closed.). Possibly consider using a shorter maxLifetime value.
2020-03-02 20:11:21.130  WARN 14856 --- [http-nio-80-exec-2] com.zaxxer.hikari.pool.PoolBase          : HikariPool-1 - Failed to validate connection com.mysql.cj.jdbc.ConnectionImpl@3086cf21 (No operations allowed after connection closed.). Possibly consider using a shorter maxLifetime value.
2020-03-02 20:11:21.453 ERROR 14856 --- [http-nio-80-exec-2] o.a.c.c.C.[.[.[/].[dispatcherServlet]    : Servlet.service() for servlet [dispatcherServlet] in context with path [] threw exception [Request processing failed; nested exception is org.springframework.jdbc.BadSqlGrammarException: 
### Error querying database.  Cause: java.sql.SQLSyntaxErrorException: Got error 'empty (sub)expression' from regexp
### The error may exist in com/pzk/community/mapper/QuestionMapper.java (best guess)
### The error may involve com.pzk.community.mapper.QuestionMapper.releatedQuestionByTag-Inline
### The error occurred while setting parameters
### SQL: select * from question where id!=? and tag regexp ?
### Cause: java.sql.SQLSyntaxErrorException: Got error 'empty (sub)expression' from regexp
; bad SQL grammar []; nested exception is java.sql.SQLSyntaxErrorException: Got error 'empty (sub)expression' from regexp] with root cause

java.sql.SQLSyntaxErrorException: Got error 'empty (sub)expression' from regexp
	at com.mysql.cj.jdbc.exceptions.SQLError.createSQLException(SQLError.java:120) ~[mysql-connector-java-8.0.15.jar:8.0.15]
	at com.mysql.cj.jdbc.exceptions.SQLError.createSQLException(SQLError.java:97) ~[mysql-connector-java-8.0.15.jar:8.0.15]
	at com.mysql.cj.jdbc.exceptions.SQLExceptionsMapping.translateException(SQLExceptionsMapping.java:122) ~[mysql-connector-java-8.0.15.jar:8.0.15]
	at com.mysql.cj.jdbc.ClientPreparedStatement.executeInternal(ClientPreparedStatement.java:970) ~[mysql-connector-java-8.0.15.jar:8.0.15]
	at com.mysql.cj.jdbc.ClientPreparedStatement.execute(ClientPreparedStatement.java:387) ~[mysql-connector-java-8.0.15.jar:8.0.15]
	at com.zaxxer.hikari.pool.ProxyPreparedStatement.execute(ProxyPreparedStatement.java:44) ~[HikariCP-3.2.0.jar:na]
	at com.zaxxer.hikari.pool.HikariProxyPreparedStatement.execute(HikariProxyPreparedStatement.java) ~[HikariCP-3.2.0.jar:na]
	at org.apache.ibatis.executor.statement.PreparedStatementHandler.query(PreparedStatementHandler.java:64) ~[mybatis-3.5.0.jar:3.5.0]
	at org.apache.ibatis.executor.statement.RoutingStatementHandler.query(RoutingStatementHandler.java:79) ~[mybatis-3.5.0.jar:3.5.0]
	at org.apache.ibatis.executor.SimpleExecutor.doQuery(SimpleExecutor.java:63) ~[mybatis-3.5.0.jar:3.5.0]
	at org.apache.ibatis.executor.BaseExecutor.queryFromDatabase(BaseExecutor.java:324) ~[mybatis-3.5.0.jar:3.5.0]
	at org.apache.ibatis.executor.BaseExecutor.query(BaseExecutor.java:156) ~[mybatis-3.5.0.jar:3.5.0]
	at org.apache.ibatis.executor.CachingExecutor.query(CachingExecutor.java:109) ~[mybatis-3.5.0.jar:3.5.0]
	at com.github.pagehelper.PageInterceptor.intercept(PageInterceptor.java:143) ~[pagehelper-5.1.2.jar:na]
	at org.apache.ibatis.plugin.Plugin.invoke(Plugin.java:61) ~[mybatis-3.5.0.jar:3.5.0]
	at com.sun.proxy.$Proxy96.query(Unknown Source) ~[na:na]
	at org.apache.ibatis.session.defaults.DefaultSqlSession.selectList(DefaultSqlSession.java:148) ~[mybatis-3.5.0.jar:3.5.0]
	at org.apache.ibatis.session.defaults.DefaultSqlSession.selectList(DefaultSqlSession.java:141) ~[mybatis-3.5.0.jar:3.5.0]
	at sun.reflect.NativeMethodAccessorImpl.invoke0(Native Method) ~[na:1.8.0_201]
	at sun.reflect.NativeMethodAccessorImpl.invoke(NativeMethodAccessorImpl.java:62) ~[na:1.8.0_201]
	at sun.reflect.DelegatingMethodAccessorImpl.invoke(DelegatingMethodAccessorImpl.java:43) ~[na:1.8.0_201]
	at java.lang.reflect.Method.invoke(Method.java:498) ~[na:1.8.0_201]
	at org.mybatis.spring.SqlSessionTemplate$SqlSessionInterceptor.invoke(SqlSessionTemplate.java:433) ~[mybatis-spring-2.0.0.jar:2.0.0]
	at com.sun.proxy.$Proxy69.selectList(Unknown Source) ~[na:na]
	at org.mybatis.spring.SqlSessionTemplate.selectList(SqlSessionTemplate.java:230) ~[mybatis-spring-2.0.0.jar:2.0.0]
	at org.apache.ibatis.binding.MapperMethod.executeForMany(MapperMethod.java:144) ~[mybatis-3.5.0.jar:3.5.0]
	at org.apache.ibatis.binding.MapperMethod.execute(MapperMethod.java:77) ~[mybatis-3.5.0.jar:3.5.0]
	at org.apache.ibatis.binding.MapperProxy.invoke(MapperProxy.java:58) ~[mybatis-3.5.0.jar:3.5.0]
	at com.sun.proxy.$Proxy79.releatedQuestionByTag(Unknown Source) ~[na:na]
	at sun.reflect.NativeMethodAccessorImpl.invoke0(Native Method) ~[na:1.8.0_201]
	at sun.reflect.NativeMethodAccessorImpl.invoke(NativeMethodAccessorImpl.java:62) ~[na:1.8.0_201]
	at sun.reflect.DelegatingMethodAccessorImpl.invoke(DelegatingMethodAccessorImpl.java:43) ~[na:1.8.0_201]
	at java.lang.reflect.Method.invoke(Method.java:498) ~[na:1.8.0_201]
	at org.springframework.aop.support.AopUtils.invokeJoinpointUsingReflection(AopUtils.java:343) ~[spring-aop-5.1.6.RELEASE.jar:5.1.6.RELEASE]
	at org.springframework.aop.framework.ReflectiveMethodInvocation.invokeJoinpoint(ReflectiveMethodInvocation.java:198) ~[spring-aop-5.1.6.RELEASE.jar:5.1.6.RELEASE]
	at org.springframework.aop.framework.ReflectiveMethodInvocation.proceed(ReflectiveMethodInvocation.java:163) ~[spring-aop-5.1.6.RELEASE.jar:5.1.6.RELEASE]
	at org.springframework.dao.support.PersistenceExceptionTranslationInterceptor.invoke(PersistenceExceptionTranslationInterceptor.java:139) ~[spring-tx-5.1.6.RELEASE.jar:5.1.6.RELEASE]
	at org.springframework.aop.framework.ReflectiveMethodInvocation.proceed(ReflectiveMethodInvocation.java:186) ~[spring-aop-5.1.6.RELEASE.jar:5.1.6.RELEASE]
	at org.springframework.aop.framework.JdkDynamicAopProxy.invoke(JdkDynamicAopProxy.java:212) ~[spring-aop-5.1.6.RELEASE.jar:5.1.6.RELEASE]
	at com.sun.proxy.$Proxy80.releatedQuestionByTag(Unknown Source) ~[na:na]
	at com.pzk.community.service.QuestionService.releatedQuestionByTag(QuestionService.java:189) ~[classes/:na]
	at com.pzk.community.controller.QuestionController.question(QuestionController.java:31) ~[classes/:na]
	at sun.reflect.NativeMethodAccessorImpl.invoke0(Native Method) ~[na:1.8.0_201]
	at sun.reflect.NativeMethodAccessorImpl.invoke(NativeMethodAccessorImpl.java:62) ~[na:1.8.0_201]
	at sun.reflect.DelegatingMethodAccessorImpl.invoke(DelegatingMethodAccessorImpl.java:43) ~[na:1.8.0_201]
	at java.lang.reflect.Method.invoke(Method.java:498) ~[na:1.8.0_201]
	at org.springframework.web.method.support.InvocableHandlerMethod.doInvoke(InvocableHandlerMethod.java:189) ~[spring-web-5.1.6.RELEASE.jar:5.1.6.RELEASE]
	at org.springframework.web.method.support.InvocableHandlerMethod.invokeForRequest(InvocableHandlerMethod.java:138) ~[spring-web-5.1.6.RELEASE.jar:5.1.6.RELEASE]
	at org.springframework.web.servlet.mvc.method.annotation.ServletInvocableHandlerMethod.invokeAndHandle(ServletInvocableHandlerMethod.java:102) ~[spring-webmvc-5.1.6.RELEASE.jar:5.1.6.RELEASE]
	at org.springframework.web.servlet.mvc.method.annotation.RequestMappingHandlerAdapter.invokeHandlerMethod(RequestMappingHandlerAdapter.java:892) ~[spring-webmvc-5.1.6.RELEASE.jar:5.1.6.RELEASE]
	at org.springframework.web.servlet.mvc.method.annotation.RequestMappingHandlerAdapter.handleInternal(RequestMappingHandlerAdapter.java:797) ~[spring-webmvc-5.1.6.RELEASE.jar:5.1.6.RELEASE]
	at org.springframework.web.servlet.mvc.method.AbstractHandlerMethodAdapter.handle(AbstractHandlerMethodAdapter.java:87) ~[spring-webmvc-5.1.6.RELEASE.jar:5.1.6.RELEASE]
	at org.springframework.web.servlet.DispatcherServlet.doDispatch(DispatcherServlet.java:1038) ~[spring-webmvc-5.1.6.RELEASE.jar:5.1.6.RELEASE]
	at org.springframework.web.servlet.DispatcherServlet.doService(DispatcherServlet.java:942) ~[spring-webmvc-5.1.6.RELEASE.jar:5.1.6.RELEASE]
	at org.springframework.web.servlet.FrameworkServlet.processRequest(FrameworkServlet.java:1005) ~[spring-webmvc-5.1.6.RELEASE.jar:5.1.6.RELEASE]
	at org.springframework.web.servlet.FrameworkServlet.doGet(FrameworkServlet.java:897) ~[spring-webmvc-5.1.6.RELEASE.jar:5.1.6.RELEASE]
	at javax.servlet.http.HttpServlet.service(HttpServlet.java:634) ~[tomcat-embed-core-9.0.17.jar:9.0.17]
	at org.springframework.web.servlet.FrameworkServlet.service(FrameworkServlet.java:882) ~[spring-webmvc-5.1.6.RELEASE.jar:5.1.6.RELEASE]
	at javax.servlet.http.HttpServlet.service(HttpServlet.java:741) ~[tomcat-embed-core-9.0.17.jar:9.0.17]
	at org.apache.catalina.core.ApplicationFilterChain.internalDoFilter(ApplicationFilterChain.java:231) ~[tomcat-embed-core-9.0.17.jar:9.0.17]
	at org.apache.catalina.core.ApplicationFilterChain.doFilter(ApplicationFilterChain.java:166) ~[tomcat-embed-core-9.0.17.jar:9.0.17]
	at org.apache.tomcat.websocket.server.WsFilter.doFilter(WsFilter.java:53) ~[tomcat-embed-websocket-9.0.17.jar:9.0.17]
	at org.apache.catalina.core.ApplicationFilterChain.internalDoFilter(ApplicationFilterChain.java:193) ~[tomcat-embed-core-9.0.17.jar:9.0.17]
	at org.apache.catalina.core.ApplicationFilterChain.doFilter(ApplicationFilterChain.java:166) ~[tomcat-embed-core-9.0.17.jar:9.0.17]
	at org.springframework.web.filter.RequestContextFilter.doFilterInternal(RequestContextFilter.java:99) ~[spring-web-5.1.6.RELEASE.jar:5.1.6.RELEASE]
	at org.springframework.web.filter.OncePerRequestFilter.doFilter(OncePerRequestFilter.java:107) ~[spring-web-5.1.6.RELEASE.jar:5.1.6.RELEASE]
	at org.apache.catalina.core.ApplicationFilterChain.internalDoFilter(ApplicationFilterChain.java:193) ~[tomcat-embed-core-9.0.17.jar:9.0.17]
	at org.apache.catalina.core.ApplicationFilterChain.doFilter(ApplicationFilterChain.java:166) ~[tomcat-embed-core-9.0.17.jar:9.0.17]
	at org.springframework.web.filter.FormContentFilter.doFilterInternal(FormContentFilter.java:92) ~[spring-web-5.1.6.RELEASE.jar:5.1.6.RELEASE]
	at org.springframework.web.filter.OncePerRequestFilter.doFilter(OncePerRequestFilter.java:107) ~[spring-web-5.1.6.RELEASE.jar:5.1.6.RELEASE]
	at org.apache.catalina.core.ApplicationFilterChain.internalDoFilter(ApplicationFilterChain.java:193) ~[tomcat-embed-core-9.0.17.jar:9.0.17]
	at org.apache.catalina.core.ApplicationFilterChain.doFilter(ApplicationFilterChain.java:166) ~[tomcat-embed-core-9.0.17.jar:9.0.17]
	at org.springframework.web.filter.HiddenHttpMethodFilter.doFilterInternal(HiddenHttpMethodFilter.java:93) ~[spring-web-5.1.6.RELEASE.jar:5.1.6.RELEASE]
	at org.springframework.web.filter.OncePerRequestFilter.doFilter(OncePerRequestFilter.java:107) ~[spring-web-5.1.6.RELEASE.jar:5.1.6.RELEASE]
	at org.apache.catalina.core.ApplicationFilterChain.internalDoFilter(ApplicationFilterChain.java:193) ~[tomcat-embed-core-9.0.17.jar:9.0.17]
	at org.apache.catalina.core.ApplicationFilterChain.doFilter(ApplicationFilterChain.java:166) ~[tomcat-embed-core-9.0.17.jar:9.0.17]
	at org.springframework.web.filter.CharacterEncodingFilter.doFilterInternal(CharacterEncodingFilter.java:200) ~[spring-web-5.1.6.RELEASE.jar:5.1.6.RELEASE]
	at org.springframework.web.filter.OncePerRequestFilter.doFilter(OncePerRequestFilter.java:107) ~[spring-web-5.1.6.RELEASE.jar:5.1.6.RELEASE]
	at org.apache.catalina.core.ApplicationFilterChain.internalDoFilter(ApplicationFilterChain.java:193) ~[tomcat-embed-core-9.0.17.jar:9.0.17]
	at org.apache.catalina.core.ApplicationFilterChain.doFilter(ApplicationFilterChain.java:166) ~[tomcat-embed-core-9.0.17.jar:9.0.17]
	at org.apache.catalina.core.StandardWrapperValve.invoke(StandardWrapperValve.java:200) ~[tomcat-embed-core-9.0.17.jar:9.0.17]
	at org.apache.catalina.core.StandardContextValve.invoke(StandardContextValve.java:96) [tomcat-embed-core-9.0.17.jar:9.0.17]
	at org.apache.catalina.authenticator.AuthenticatorBase.invoke(AuthenticatorBase.java:490) [tomcat-embed-core-9.0.17.jar:9.0.17]
	at org.apache.catalina.core.StandardHostValve.invoke(StandardHostValve.java:139) [tomcat-embed-core-9.0.17.jar:9.0.17]
	at org.apache.catalina.valves.ErrorReportValve.invoke(ErrorReportValve.java:92) [tomcat-embed-core-9.0.17.jar:9.0.17]
	at org.apache.catalina.core.StandardEngineValve.invoke(StandardEngineValve.java:74) [tomcat-embed-core-9.0.17.jar:9.0.17]
	at org.apache.catalina.connector.CoyoteAdapter.service(CoyoteAdapter.java:343) [tomcat-embed-core-9.0.17.jar:9.0.17]
	at org.apache.coyote.http11.Http11Processor.service(Http11Processor.java:408) [tomcat-embed-core-9.0.17.jar:9.0.17]
	at org.apache.coyote.AbstractProcessorLight.process(AbstractProcessorLight.java:66) [tomcat-embed-core-9.0.17.jar:9.0.17]
	at org.apache.coyote.AbstractProtocol$ConnectionHandler.process(AbstractProtocol.java:834) [tomcat-embed-core-9.0.17.jar:9.0.17]
	at org.apache.tomcat.util.net.NioEndpoint$SocketProcessor.doRun(NioEndpoint.java:1415) [tomcat-embed-core-9.0.17.jar:9.0.17]
	at org.apache.tomcat.util.net.SocketProcessorBase.run(SocketProcessorBase.java:49) [tomcat-embed-core-9.0.17.jar:9.0.17]
	at java.util.concurrent.ThreadPoolExecutor.runWorker(ThreadPoolExecutor.java:1149) [na:1.8.0_201]
	at java.util.concurrent.ThreadPoolExecutor$Worker.run(ThreadPoolExecutor.java:624) [na:1.8.0_201]
	at org.apache.tomcat.util.threads.TaskThread$WrappingRunnable.run(TaskThread.java:61) [tomcat-embed-core-9.0.17.jar:9.0.17]
	at java.lang.Thread.run(Thread.java:748) [na:1.8.0_201]

2020-03-02 20:11:22.540  INFO 14856 --- [Thread-18] o.s.s.concurrent.ThreadPoolTaskExecutor  : Shutting down ExecutorService 'applicationTaskExecutor'
2020-03-02 20:11:22.541  INFO 14856 --- [Thread-18] com.zaxxer.hikari.HikariDataSource       : HikariPool-1 - Shutdown initiated...
2020-03-02 20:11:22.775  INFO 14856 --- [Thread-18] com.zaxxer.hikari.HikariDataSource       : HikariPool-1 - Shutdown completed.
2020-03-02 20:13:58.558  INFO 15152 --- [main] c.p.community.commentmapper.commentTest  : Starting commentTest on pzk with PID 15152 (started by asus in D:\IdeaProjects\community)
2020-03-02 20:13:58.560  INFO 15152 --- [main] c.p.community.commentmapper.commentTest  : No active profile set, falling back to default profiles: default
2020-03-02 20:14:03.793  INFO 15152 --- [main] o.s.s.concurrent.ThreadPoolTaskExecutor  : Initializing ExecutorService 'applicationTaskExecutor'
2020-03-02 20:14:04.332  INFO 15152 --- [main] o.s.b.a.w.s.WelcomePageHandlerMapping    : Adding welcome page template: index
2020-03-02 20:14:05.226  INFO 15152 --- [main] c.p.community.commentmapper.commentTest  : Started commentTest in 7.2 seconds (JVM running for 8.502)
2020-03-02 20:14:05.991  INFO 15152 --- [Thread-3] o.s.s.concurrent.ThreadPoolTaskExecutor  : Shutting down ExecutorService 'applicationTaskExecutor'
2020-03-02 20:15:22.957  INFO 2832 --- [main] c.p.community.commentmapper.commentTest  : Starting commentTest on pzk with PID 2832 (started by asus in D:\IdeaProjects\community)
2020-03-02 20:15:22.959  INFO 2832 --- [main] c.p.community.commentmapper.commentTest  : No active profile set, falling back to default profiles: default
2020-03-02 20:15:26.761  INFO 2832 --- [main] o.s.s.concurrent.ThreadPoolTaskExecutor  : Initializing ExecutorService 'applicationTaskExecutor'
2020-03-02 20:15:27.372  INFO 2832 --- [main] o.s.b.a.w.s.WelcomePageHandlerMapping    : Adding welcome page template: index
2020-03-02 20:15:28.058  INFO 2832 --- [main] c.p.community.commentmapper.commentTest  : Started commentTest in 5.537 seconds (JVM running for 6.895)
2020-03-02 20:15:28.472  INFO 2832 --- [Thread-3] o.s.s.concurrent.ThreadPoolTaskExecutor  : Shutting down ExecutorService 'applicationTaskExecutor'
>>>>>>> 0eb30927c6fc3202108333f099e01d3c45fcf025
